  [1m[35m (383.2ms)[0m  [1m[35mCREATE DATABASE "motosmart_development" ENCODING = 'unicode'[0m
  [1m[35m (191.3ms)[0m  [1m[35mCREATE DATABASE "motosmart_test" ENCODING = 'unicode'[0m
Started GET "/sw.js" for ::1 at 2023-05-17 18:35:47 -0500
Started GET "/_next/webpack-hmr" for ::1 at 2023-05-17 18:35:47 -0500
  
ActionController::RoutingError (No route matches [GET] "/sw.js"):
  
  
ActionController::RoutingError (No route matches [GET] "/_next/webpack-hmr"):
  
Started GET "/admin/contracts" for ::1 at 2023-05-17 18:35:53 -0500
  
ActionController::RoutingError (No route matches [GET] "/admin/contracts"):
  
Started GET "/favicon.ico" for ::1 at 2023-05-17 18:35:53 -0500
  
ActionController::RoutingError (No route matches [GET] "/favicon.ico"):
  
Started GET "/sw.js" for ::1 at 2023-05-17 18:35:55 -0500
  
ActionController::RoutingError (No route matches [GET] "/sw.js"):
  
Started GET "/sw.js" for ::1 at 2023-05-17 18:36:25 -0500
  
ActionController::RoutingError (No route matches [GET] "/sw.js"):
  
  [1m[35m (37.5ms)[0m  [1m[35mCREATE TABLE "schema_migrations" ("version" character varying NOT NULL PRIMARY KEY)[0m
  [1m[35m (7.6ms)[0m  [1m[35mCREATE TABLE "ar_internal_metadata" ("key" character varying NOT NULL PRIMARY KEY, "value" character varying, "created_at" timestamp(6) NOT NULL, "updated_at" timestamp(6) NOT NULL)[0m
  [1m[35m (1.6ms)[0m  [1m[34mSELECT pg_try_advisory_lock(1702056807994789050)[0m
  [1m[36mActiveRecord::SchemaMigration Pluck (4.0ms)[0m  [1m[34mSELECT "schema_migrations"."version" FROM "schema_migrations" ORDER BY "schema_migrations"."version" ASC[0m
Migrating to CreateUsers (20230517234201)
  [1m[36mTRANSACTION (1.4ms)[0m  [1m[35mBEGIN[0m
  [1m[35m (16.2ms)[0m  [1m[35mCREATE TABLE "users" ("id" bigserial primary key, "name" character varying, "email" character varying, "uuid" character varying, "token" character varying, "created_at" timestamp(6) NOT NULL, "updated_at" timestamp(6) NOT NULL)[0m
  [1m[36mActiveRecord::SchemaMigration Create (3.6ms)[0m  [1m[32mINSERT INTO "schema_migrations" ("version") VALUES ($1) RETURNING "version"[0m  [["version", "20230517234201"]]
  [1m[36mTRANSACTION (2.0ms)[0m  [1m[35mCOMMIT[0m
  [1m[36mActiveRecord::InternalMetadata Load (0.5ms)[0m  [1m[34mSELECT "ar_internal_metadata".* FROM "ar_internal_metadata" WHERE "ar_internal_metadata"."key" = $1 LIMIT $2[0m  [["key", "environment"], ["LIMIT", 1]]
  [1m[36mTRANSACTION (0.3ms)[0m  [1m[35mBEGIN[0m
  [1m[36mActiveRecord::InternalMetadata Create (2.5ms)[0m  [1m[32mINSERT INTO "ar_internal_metadata" ("key", "value", "created_at", "updated_at") VALUES ($1, $2, $3, $4) RETURNING "key"[0m  [["key", "environment"], ["value", "development"], ["created_at", "2023-05-17 23:43:27.611419"], ["updated_at", "2023-05-17 23:43:27.611419"]]
  [1m[36mTRANSACTION (1.3ms)[0m  [1m[35mCOMMIT[0m
  [1m[35m (0.4ms)[0m  [1m[34mSELECT pg_advisory_unlock(1702056807994789050)[0m
  [1m[36mActiveRecord::SchemaMigration Pluck (1.0ms)[0m  [1m[34mSELECT "schema_migrations"."version" FROM "schema_migrations" ORDER BY "schema_migrations"."version" ASC[0m
  [1m[35m (0.3ms)[0m  [1m[34mSELECT pg_try_advisory_lock(1702056807994789050)[0m
  [1m[36mActiveRecord::SchemaMigration Pluck (1.3ms)[0m  [1m[34mSELECT "schema_migrations"."version" FROM "schema_migrations" ORDER BY "schema_migrations"."version" ASC[0m
Migrating to CreateRankings (20230517234906)
  [1m[36mTRANSACTION (0.6ms)[0m  [1m[35mBEGIN[0m
  [1m[35m (14.8ms)[0m  [1m[35mCREATE TABLE "rankings" ("id" bigserial primary key, "user_id" bigint, "start_date" character varying, "final_date" character varying, "kilometres" decimal, "created_at" timestamp(6) NOT NULL, "updated_at" timestamp(6) NOT NULL)[0m
  [1m[35m (4.8ms)[0m  [1m[35mCREATE INDEX "index_rankings_on_user_id" ON "rankings" ("user_id")[0m
  [1m[36mActiveRecord::SchemaMigration Create (0.5ms)[0m  [1m[32mINSERT INTO "schema_migrations" ("version") VALUES ($1) RETURNING "version"[0m  [["version", "20230517234906"]]
  [1m[36mTRANSACTION (2.0ms)[0m  [1m[35mCOMMIT[0m
  [1m[36mActiveRecord::InternalMetadata Load (2.1ms)[0m  [1m[34mSELECT "ar_internal_metadata".* FROM "ar_internal_metadata" WHERE "ar_internal_metadata"."key" = $1 LIMIT $2[0m  [["key", "environment"], ["LIMIT", 1]]
  [1m[35m (0.4ms)[0m  [1m[34mSELECT pg_advisory_unlock(1702056807994789050)[0m
  [1m[36mActiveRecord::SchemaMigration Pluck (0.8ms)[0m  [1m[34mSELECT "schema_migrations"."version" FROM "schema_migrations" ORDER BY "schema_migrations"."version" ASC[0m
  [1m[36mActiveRecord::SchemaMigration Pluck (0.8ms)[0m  [1m[34mSELECT "schema_migrations"."version" FROM "schema_migrations" ORDER BY "schema_migrations"."version" ASC[0m
  [1m[36mActiveRecord::SchemaMigration Pluck (0.3ms)[0m  [1m[34mSELECT "schema_migrations"."version" FROM "schema_migrations" ORDER BY "schema_migrations"."version" ASC[0m
  [1m[36mActiveRecord::SchemaMigration Pluck (0.3ms)[0m  [1m[34mSELECT "schema_migrations"."version" FROM "schema_migrations" ORDER BY "schema_migrations"."version" ASC[0m
  [1m[35m (0.3ms)[0m  [1m[34mSELECT pg_try_advisory_lock(1702056807994789050)[0m
  [1m[36mActiveRecord::SchemaMigration Pluck (0.3ms)[0m  [1m[34mSELECT "schema_migrations"."version" FROM "schema_migrations" ORDER BY "schema_migrations"."version" ASC[0m
Migrating to CreateRankings (20230517234906)
  [1m[36mTRANSACTION (0.2ms)[0m  [1m[35mBEGIN[0m
  [1m[35m (16.9ms)[0m  [1m[35mDROP TABLE "rankings"[0m
  [1m[36mActiveRecord::SchemaMigration Delete All (3.8ms)[0m  [1m[31mDELETE FROM "schema_migrations" WHERE "schema_migrations"."version" = $1[0m  [["version", "20230517234906"]]
  [1m[36mTRANSACTION (5.2ms)[0m  [1m[35mCOMMIT[0m
  [1m[35m (0.3ms)[0m  [1m[34mSELECT pg_advisory_unlock(1702056807994789050)[0m
  [1m[36mActiveRecord::SchemaMigration Pluck (0.7ms)[0m  [1m[34mSELECT "schema_migrations"."version" FROM "schema_migrations" ORDER BY "schema_migrations"."version" ASC[0m
  [1m[35m (0.3ms)[0m  [1m[34mSELECT pg_try_advisory_lock(1702056807994789050)[0m
  [1m[36mActiveRecord::SchemaMigration Pluck (0.8ms)[0m  [1m[34mSELECT "schema_migrations"."version" FROM "schema_migrations" ORDER BY "schema_migrations"."version" ASC[0m
Migrating to CreateRankings (20230517234906)
  [1m[36mTRANSACTION (0.2ms)[0m  [1m[35mBEGIN[0m
  [1m[35m (8.8ms)[0m  [1m[35mCREATE TABLE "rankings" ("id" bigserial primary key, "user_id" bigint, "start_date" character varying, "final_date" character varying, "km_traveled" decimal, "created_at" timestamp(6) NOT NULL, "updated_at" timestamp(6) NOT NULL)[0m
  [1m[35m (2.3ms)[0m  [1m[35mCREATE INDEX "index_rankings_on_user_id" ON "rankings" ("user_id")[0m
  [1m[36mActiveRecord::SchemaMigration Create (0.4ms)[0m  [1m[32mINSERT INTO "schema_migrations" ("version") VALUES ($1) RETURNING "version"[0m  [["version", "20230517234906"]]
  [1m[36mTRANSACTION (2.2ms)[0m  [1m[35mCOMMIT[0m
  [1m[36mActiveRecord::InternalMetadata Load (0.5ms)[0m  [1m[34mSELECT "ar_internal_metadata".* FROM "ar_internal_metadata" WHERE "ar_internal_metadata"."key" = $1 LIMIT $2[0m  [["key", "environment"], ["LIMIT", 1]]
  [1m[35m (0.3ms)[0m  [1m[34mSELECT pg_advisory_unlock(1702056807994789050)[0m
  [1m[36mActiveRecord::SchemaMigration Pluck (0.8ms)[0m  [1m[34mSELECT "schema_migrations"."version" FROM "schema_migrations" ORDER BY "schema_migrations"."version" ASC[0m
  [1m[36mActiveRecord::SchemaMigration Pluck (0.8ms)[0m  [1m[34mSELECT "schema_migrations"."version" FROM "schema_migrations" ORDER BY "schema_migrations"."version" ASC[0m
  [1m[36mActiveRecord::SchemaMigration Pluck (0.4ms)[0m  [1m[34mSELECT "schema_migrations"."version" FROM "schema_migrations" ORDER BY "schema_migrations"."version" ASC[0m
  [1m[36mActiveRecord::SchemaMigration Pluck (0.5ms)[0m  [1m[34mSELECT "schema_migrations"."version" FROM "schema_migrations" ORDER BY "schema_migrations"."version" ASC[0m
  [1m[35m (0.3ms)[0m  [1m[34mSELECT pg_try_advisory_lock(1702056807994789050)[0m
  [1m[36mActiveRecord::SchemaMigration Pluck (0.3ms)[0m  [1m[34mSELECT "schema_migrations"."version" FROM "schema_migrations" ORDER BY "schema_migrations"."version" ASC[0m
Migrating to CreateRankings (20230517234906)
  [1m[36mTRANSACTION (0.3ms)[0m  [1m[35mBEGIN[0m
  [1m[35m (1.7ms)[0m  [1m[35mDROP TABLE "rankings"[0m
  [1m[36mActiveRecord::SchemaMigration Delete All (0.5ms)[0m  [1m[31mDELETE FROM "schema_migrations" WHERE "schema_migrations"."version" = $1[0m  [["version", "20230517234906"]]
  [1m[36mTRANSACTION (8.1ms)[0m  [1m[35mCOMMIT[0m
  [1m[35m (0.7ms)[0m  [1m[34mSELECT pg_advisory_unlock(1702056807994789050)[0m
  [1m[36mActiveRecord::SchemaMigration Pluck (1.0ms)[0m  [1m[34mSELECT "schema_migrations"."version" FROM "schema_migrations" ORDER BY "schema_migrations"."version" ASC[0m
  [1m[35m (0.3ms)[0m  [1m[34mSELECT pg_try_advisory_lock(1702056807994789050)[0m
  [1m[36mActiveRecord::SchemaMigration Pluck (0.8ms)[0m  [1m[34mSELECT "schema_migrations"."version" FROM "schema_migrations" ORDER BY "schema_migrations"."version" ASC[0m
Migrating to CreateRankings (20230517234906)
  [1m[36mTRANSACTION (0.2ms)[0m  [1m[35mBEGIN[0m
  [1m[35m (8.5ms)[0m  [1m[35mCREATE TABLE "rankings" ("id" bigserial primary key, "user_id" bigint, "start_date" character varying, "end_date" character varying, "km_traveled" decimal, "created_at" timestamp(6) NOT NULL, "updated_at" timestamp(6) NOT NULL)[0m
  [1m[35m (2.0ms)[0m  [1m[35mCREATE INDEX "index_rankings_on_user_id" ON "rankings" ("user_id")[0m
  [1m[36mActiveRecord::SchemaMigration Create (0.5ms)[0m  [1m[32mINSERT INTO "schema_migrations" ("version") VALUES ($1) RETURNING "version"[0m  [["version", "20230517234906"]]
  [1m[36mTRANSACTION (1.8ms)[0m  [1m[35mCOMMIT[0m
  [1m[36mActiveRecord::InternalMetadata Load (0.5ms)[0m  [1m[34mSELECT "ar_internal_metadata".* FROM "ar_internal_metadata" WHERE "ar_internal_metadata"."key" = $1 LIMIT $2[0m  [["key", "environment"], ["LIMIT", 1]]
  [1m[35m (0.3ms)[0m  [1m[34mSELECT pg_advisory_unlock(1702056807994789050)[0m
  [1m[36mActiveRecord::SchemaMigration Pluck (0.7ms)[0m  [1m[34mSELECT "schema_migrations"."version" FROM "schema_migrations" ORDER BY "schema_migrations"."version" ASC[0m
  [1m[36mTRANSACTION (0.2ms)[0m  [1m[35mBEGIN[0m
  [1m[36mUser Create (4.2ms)[0m  [1m[32mINSERT INTO "users" ("name", "email", "uuid", "token", "created_at", "updated_at") VALUES ($1, $2, $3, $4, $5, $6) RETURNING "id"[0m  [["name", "paco"], ["email", "paco@email.com"], ["uuid", nil], ["token", "[FILTERED]"], ["created_at", "2023-05-18 00:02:30.231256"], ["updated_at", "2023-05-18 00:02:30.231256"]]
  [1m[36mTRANSACTION (1.7ms)[0m  [1m[35mCOMMIT[0m
  [1m[36mUser Load (0.3ms)[0m  [1m[34mSELECT "users".* FROM "users" ORDER BY "users"."id" ASC LIMIT $1[0m  [["LIMIT", 1]]
  [1m[36mUser Load (0.3ms)[0m  [1m[34mSELECT "users".* FROM "users" ORDER BY "users"."id" ASC LIMIT $1[0m  [["LIMIT", 1]]
  [1m[36mActiveRecord::SchemaMigration Pluck (1.0ms)[0m  [1m[34mSELECT "schema_migrations"."version" FROM "schema_migrations" ORDER BY "schema_migrations"."version" ASC[0m
  [1m[36mActiveRecord::SchemaMigration Pluck (0.4ms)[0m  [1m[34mSELECT "schema_migrations"."version" FROM "schema_migrations" ORDER BY "schema_migrations"."version" ASC[0m
  [1m[36mActiveRecord::SchemaMigration Pluck (0.6ms)[0m  [1m[34mSELECT "schema_migrations"."version" FROM "schema_migrations" ORDER BY "schema_migrations"."version" ASC[0m
  [1m[35m (0.3ms)[0m  [1m[34mSELECT pg_try_advisory_lock(1702056807994789050)[0m
  [1m[36mActiveRecord::SchemaMigration Pluck (0.3ms)[0m  [1m[34mSELECT "schema_migrations"."version" FROM "schema_migrations" ORDER BY "schema_migrations"."version" ASC[0m
Migrating to CreateRankings (20230517234906)
  [1m[36mTRANSACTION (0.2ms)[0m  [1m[35mBEGIN[0m
  [1m[35m (1.9ms)[0m  [1m[35mDROP TABLE "rankings"[0m
  [1m[36mActiveRecord::SchemaMigration Delete All (0.6ms)[0m  [1m[31mDELETE FROM "schema_migrations" WHERE "schema_migrations"."version" = $1[0m  [["version", "20230517234906"]]
  [1m[36mTRANSACTION (7.0ms)[0m  [1m[35mCOMMIT[0m
  [1m[35m (0.3ms)[0m  [1m[34mSELECT pg_advisory_unlock(1702056807994789050)[0m
  [1m[36mActiveRecord::SchemaMigration Pluck (1.3ms)[0m  [1m[34mSELECT "schema_migrations"."version" FROM "schema_migrations" ORDER BY "schema_migrations"."version" ASC[0m
  [1m[35m (0.3ms)[0m  [1m[34mSELECT pg_try_advisory_lock(1702056807994789050)[0m
  [1m[36mActiveRecord::SchemaMigration Pluck (0.8ms)[0m  [1m[34mSELECT "schema_migrations"."version" FROM "schema_migrations" ORDER BY "schema_migrations"."version" ASC[0m
Migrating to CreateRankings (20230517234906)
  [1m[36mTRANSACTION (0.2ms)[0m  [1m[35mBEGIN[0m
  [1m[35m (16.8ms)[0m  [1m[35mCREATE TABLE "rankings" ("id" bigserial primary key, "user_id" bigint, "start_date" timestamp(6), "end_date" timestamp(6), "km_traveled" decimal, "created_at" timestamp(6) NOT NULL, "updated_at" timestamp(6) NOT NULL)[0m
  [1m[35m (2.2ms)[0m  [1m[35mCREATE INDEX "index_rankings_on_user_id" ON "rankings" ("user_id")[0m
  [1m[36mActiveRecord::SchemaMigration Create (0.4ms)[0m  [1m[32mINSERT INTO "schema_migrations" ("version") VALUES ($1) RETURNING "version"[0m  [["version", "20230517234906"]]
  [1m[36mTRANSACTION (2.4ms)[0m  [1m[35mCOMMIT[0m
  [1m[36mActiveRecord::InternalMetadata Load (0.8ms)[0m  [1m[34mSELECT "ar_internal_metadata".* FROM "ar_internal_metadata" WHERE "ar_internal_metadata"."key" = $1 LIMIT $2[0m  [["key", "environment"], ["LIMIT", 1]]
  [1m[35m (0.3ms)[0m  [1m[34mSELECT pg_advisory_unlock(1702056807994789050)[0m
  [1m[36mActiveRecord::SchemaMigration Pluck (1.0ms)[0m  [1m[34mSELECT "schema_migrations"."version" FROM "schema_migrations" ORDER BY "schema_migrations"."version" ASC[0m
  [1m[36mTRANSACTION (0.3ms)[0m  [1m[35mBEGIN[0m
  [1m[36mRanking Create (4.6ms)[0m  [1m[32mINSERT INTO "rankings" ("user_id", "start_date", "end_date", "km_traveled", "created_at", "updated_at") VALUES ($1, $2, $3, $4, $5, $6) RETURNING "id"[0m  [["user_id", 1], ["start_date", nil], ["end_date", nil], ["km_traveled", "2.0"], ["created_at", "2023-05-18 00:16:40.957706"], ["updated_at", "2023-05-18 00:16:40.957706"]]
  [1m[36mTRANSACTION (2.3ms)[0m  [1m[35mCOMMIT[0m
  [1m[36mRanking Load (0.3ms)[0m  [1m[34mSELECT "rankings".* FROM "rankings" ORDER BY "rankings"."id" ASC LIMIT $1[0m  [["LIMIT", 1]]
  [1m[36mTRANSACTION (0.2ms)[0m  [1m[35mBEGIN[0m
  [1m[36mRanking Update (2.6ms)[0m  [1m[33mUPDATE "rankings" SET "start_date" = $1, "updated_at" = $2 WHERE "rankings"."id" = $3[0m  [["start_date", "2023-01-01 00:00:00"], ["updated_at", "2023-05-18 00:18:04.006699"], ["id", 1]]
  [1m[36mTRANSACTION (2.0ms)[0m  [1m[35mCOMMIT[0m
  [1m[36mRanking Load (3.6ms)[0m  [1m[34mSELECT "rankings".* FROM "rankings" WHERE "rankings"."start_date" = $1 LIMIT $2[0m  [["start_date", "2023-01-01 00:00:00"], ["LIMIT", 1]]
  [1m[36mTRANSACTION (0.4ms)[0m  [1m[35mBEGIN[0m
  [1m[36mRanking Update (0.5ms)[0m  [1m[33mUPDATE "rankings" SET "end_date" = $1, "updated_at" = $2 WHERE "rankings"."id" = $3[0m  [["end_date", "2023-01-02 00:00:00"], ["updated_at", "2023-05-18 00:20:35.201668"], ["id", 1]]
  [1m[36mTRANSACTION (1.2ms)[0m  [1m[35mCOMMIT[0m
  [1m[36mUser Load (0.5ms)[0m  [1m[34mSELECT "users".* FROM "users" ORDER BY "users"."id" ASC LIMIT $1[0m  [["LIMIT", 1]]
  [1m[36mRanking Load (2.3ms)[0m  [1m[34mSELECT "rankings".* FROM "rankings" WHERE "rankings"."user_id" = $1[0m  [["user_id", 1]]
Started GET "/api/v1/ranking/current" for ::1 at 2023-05-17 19:52:06 -0500
  [1m[36mActiveRecord::SchemaMigration Pluck (1.9ms)[0m  [1m[34mSELECT "schema_migrations"."version" FROM "schema_migrations" ORDER BY "schema_migrations"."version" ASC[0m
Processing by Api::V1::RankingsController#index as */*
Completed 500 Internal Server Error in 20ms (ActiveRecord: 0.0ms | Allocations: 4215)


  
NameError (uninitialized constant Api::V1::RankingsController::Address

        address = Address.create!(address_params)
                  ^^^^^^^):
  
app/controllers/api/v1/rankings_controller.rb:8:in `index'
Started GET "/api/v1/ranking/current" for ::1 at 2023-05-17 19:52:50 -0500
Processing by Api::V1::RankingsController#index as */*
Completed 200 OK in 1ms (Views: 0.2ms | ActiveRecord: 0.0ms | Allocations: 336)


Started GET "/api/v1/ranking/year/month" for ::1 at 2023-05-17 19:57:05 -0500
Processing by Api::V1::RankingsController#example as */*
Completed 200 OK in 0ms (Views: 0.2ms | ActiveRecord: 0.0ms | Allocations: 236)


Started GET "/api/v1/ranking/year/month" for ::1 at 2023-05-17 19:59:48 -0500
Processing by Api::V1::RankingsController#example as */*
  Parameters: {"year"=>1, "month"=>2, "ranking"=>{}}
Completed 200 OK in 1ms (Views: 0.2ms | ActiveRecord: 5.7ms | Allocations: 157)


  [1m[36mActiveRecord::SchemaMigration Pluck (0.9ms)[0m  [1m[34mSELECT "schema_migrations"."version" FROM "schema_migrations" ORDER BY "schema_migrations"."version" ASC[0m
  [1m[36mActiveRecord::SchemaMigration Pluck (0.3ms)[0m  [1m[34mSELECT "schema_migrations"."version" FROM "schema_migrations" ORDER BY "schema_migrations"."version" ASC[0m
  [1m[36mActiveRecord::SchemaMigration Pluck (0.3ms)[0m  [1m[34mSELECT "schema_migrations"."version" FROM "schema_migrations" ORDER BY "schema_migrations"."version" ASC[0m
  [1m[35m (0.4ms)[0m  [1m[34mSELECT pg_try_advisory_lock(1702056807994789050)[0m
  [1m[36mActiveRecord::SchemaMigration Pluck (0.3ms)[0m  [1m[34mSELECT "schema_migrations"."version" FROM "schema_migrations" ORDER BY "schema_migrations"."version" ASC[0m
Migrating to CreateRankings (20230517234906)
  [1m[36mTRANSACTION (0.2ms)[0m  [1m[35mBEGIN[0m
  [1m[35m (2.5ms)[0m  [1m[35mDROP TABLE "rankings"[0m
  [1m[36mActiveRecord::SchemaMigration Delete All (0.6ms)[0m  [1m[31mDELETE FROM "schema_migrations" WHERE "schema_migrations"."version" = $1[0m  [["version", "20230517234906"]]
  [1m[36mTRANSACTION (13.7ms)[0m  [1m[35mCOMMIT[0m
  [1m[35m (0.6ms)[0m  [1m[34mSELECT pg_advisory_unlock(1702056807994789050)[0m
  [1m[36mActiveRecord::SchemaMigration Pluck (0.8ms)[0m  [1m[34mSELECT "schema_migrations"."version" FROM "schema_migrations" ORDER BY "schema_migrations"."version" ASC[0m
  [1m[35m (0.4ms)[0m  [1m[34mSELECT pg_try_advisory_lock(1702056807994789050)[0m
  [1m[36mActiveRecord::SchemaMigration Pluck (0.8ms)[0m  [1m[34mSELECT "schema_migrations"."version" FROM "schema_migrations" ORDER BY "schema_migrations"."version" ASC[0m
Migrating to CreateRankings (20230517234906)
  [1m[36mTRANSACTION (0.2ms)[0m  [1m[35mBEGIN[0m
  [1m[35m (10.0ms)[0m  [1m[35mCREATE TABLE "rankings" ("id" bigserial primary key, "start_date" timestamp(6), "end_date" timestamp(6), "created_at" timestamp(6) NOT NULL, "updated_at" timestamp(6) NOT NULL)[0m
  [1m[36mActiveRecord::SchemaMigration Create (0.4ms)[0m  [1m[32mINSERT INTO "schema_migrations" ("version") VALUES ($1) RETURNING "version"[0m  [["version", "20230517234906"]]
  [1m[36mTRANSACTION (2.2ms)[0m  [1m[35mCOMMIT[0m
  [1m[36mActiveRecord::InternalMetadata Load (0.7ms)[0m  [1m[34mSELECT "ar_internal_metadata".* FROM "ar_internal_metadata" WHERE "ar_internal_metadata"."key" = $1 LIMIT $2[0m  [["key", "environment"], ["LIMIT", 1]]
  [1m[35m (0.4ms)[0m  [1m[34mSELECT pg_advisory_unlock(1702056807994789050)[0m
  [1m[36mActiveRecord::SchemaMigration Pluck (0.7ms)[0m  [1m[34mSELECT "schema_migrations"."version" FROM "schema_migrations" ORDER BY "schema_migrations"."version" ASC[0m
  [1m[36mActiveRecord::SchemaMigration Pluck (1.4ms)[0m  [1m[34mSELECT "schema_migrations"."version" FROM "schema_migrations" ORDER BY "schema_migrations"."version" ASC[0m
  [1m[36mActiveRecord::SchemaMigration Pluck (0.3ms)[0m  [1m[34mSELECT "schema_migrations"."version" FROM "schema_migrations" ORDER BY "schema_migrations"."version" ASC[0m
  [1m[36mActiveRecord::SchemaMigration Pluck (0.3ms)[0m  [1m[34mSELECT "schema_migrations"."version" FROM "schema_migrations" ORDER BY "schema_migrations"."version" ASC[0m
  [1m[35m (0.3ms)[0m  [1m[34mSELECT pg_try_advisory_lock(1702056807994789050)[0m
  [1m[36mActiveRecord::SchemaMigration Pluck (0.3ms)[0m  [1m[34mSELECT "schema_migrations"."version" FROM "schema_migrations" ORDER BY "schema_migrations"."version" ASC[0m
Migrating to CreateRankings (20230517234906)
  [1m[36mTRANSACTION (0.2ms)[0m  [1m[35mBEGIN[0m
  [1m[35m (1.8ms)[0m  [1m[35mDROP TABLE "rankings"[0m
  [1m[36mActiveRecord::SchemaMigration Delete All (0.6ms)[0m  [1m[31mDELETE FROM "schema_migrations" WHERE "schema_migrations"."version" = $1[0m  [["version", "20230517234906"]]
  [1m[36mTRANSACTION (7.3ms)[0m  [1m[35mCOMMIT[0m
  [1m[35m (0.4ms)[0m  [1m[34mSELECT pg_advisory_unlock(1702056807994789050)[0m
  [1m[36mActiveRecord::SchemaMigration Pluck (1.1ms)[0m  [1m[34mSELECT "schema_migrations"."version" FROM "schema_migrations" ORDER BY "schema_migrations"."version" ASC[0m
  [1m[35m (0.3ms)[0m  [1m[34mSELECT pg_try_advisory_lock(1702056807994789050)[0m
  [1m[36mActiveRecord::SchemaMigration Pluck (0.8ms)[0m  [1m[34mSELECT "schema_migrations"."version" FROM "schema_migrations" ORDER BY "schema_migrations"."version" ASC[0m
Migrating to CreateRankings (20230517234906)
  [1m[36mTRANSACTION (0.2ms)[0m  [1m[35mBEGIN[0m
  [1m[35m (11.1ms)[0m  [1m[35mCREATE TABLE "rankings" ("id" bigserial primary key, "start_date" character varying, "end_date" character varying, "created_at" timestamp(6) NOT NULL, "updated_at" timestamp(6) NOT NULL)[0m
  [1m[36mActiveRecord::SchemaMigration Create (0.5ms)[0m  [1m[32mINSERT INTO "schema_migrations" ("version") VALUES ($1) RETURNING "version"[0m  [["version", "20230517234906"]]
  [1m[36mTRANSACTION (2.5ms)[0m  [1m[35mCOMMIT[0m
Migrating to CreateRecords (20230518012715)
  [1m[36mTRANSACTION (0.4ms)[0m  [1m[35mBEGIN[0m
  [1m[35m (17.6ms)[0m  [1m[35mCREATE TABLE "records" ("id" bigserial primary key, "user_id" bigint, "ranking_id" bigint, "km_traveled" decimal, "created_at" timestamp(6) NOT NULL, "updated_at" timestamp(6) NOT NULL)[0m
  [1m[35m (2.1ms)[0m  [1m[35mCREATE INDEX "index_records_on_user_id" ON "records" ("user_id")[0m
  [1m[35m (1.9ms)[0m  [1m[35mCREATE INDEX "index_records_on_ranking_id" ON "records" ("ranking_id")[0m
  [1m[36mActiveRecord::SchemaMigration Create (0.3ms)[0m  [1m[32mINSERT INTO "schema_migrations" ("version") VALUES ($1) RETURNING "version"[0m  [["version", "20230518012715"]]
  [1m[36mTRANSACTION (1.5ms)[0m  [1m[35mCOMMIT[0m
  [1m[36mActiveRecord::InternalMetadata Load (0.5ms)[0m  [1m[34mSELECT "ar_internal_metadata".* FROM "ar_internal_metadata" WHERE "ar_internal_metadata"."key" = $1 LIMIT $2[0m  [["key", "environment"], ["LIMIT", 1]]
  [1m[35m (0.4ms)[0m  [1m[34mSELECT pg_advisory_unlock(1702056807994789050)[0m
  [1m[36mActiveRecord::SchemaMigration Pluck (0.7ms)[0m  [1m[34mSELECT "schema_migrations"."version" FROM "schema_migrations" ORDER BY "schema_migrations"."version" ASC[0m
Started GET "/api/v1/ranking/current" for ::1 at 2023-05-17 20:38:52 -0500
  [1m[36mActiveRecord::SchemaMigration Pluck (1.1ms)[0m  [1m[34mSELECT "schema_migrations"."version" FROM "schema_migrations" ORDER BY "schema_migrations"."version" ASC[0m
Processing by Api::V1::RankingsController#index as */*
Completed 200 OK in 24ms (Views: 3.1ms | ActiveRecord: 0.0ms | Allocations: 2473)


Started GET "/api/v1/ranking/year/month" for ::1 at 2023-05-17 20:39:15 -0500
Processing by Api::V1::RankingsController#example as */*
  Parameters: {"year"=>1, "month"=>2, "ranking"=>{}}
Completed 200 OK in 1ms (Views: 0.2ms | ActiveRecord: 3.0ms | Allocations: 160)


  [1m[36mUser Load (0.5ms)[0m  [1m[34mSELECT "users".* FROM "users" ORDER BY "users"."id" ASC LIMIT $1[0m  [["LIMIT", 1]]
  [1m[36mRanking Load (2.6ms)[0m  [1m[34mSELECT "rankings".* FROM "rankings" ORDER BY "rankings"."id" ASC LIMIT $1[0m  [["LIMIT", 1]]
  [1m[36mRecord Load (3.3ms)[0m  [1m[34mSELECT "records".* FROM "records" ORDER BY "records"."id" DESC LIMIT $1[0m  [["LIMIT", 1]]
  [1m[36mUser Load (0.6ms)[0m  [1m[34mSELECT "users".* FROM "users" ORDER BY "users"."id" ASC LIMIT $1[0m  [["LIMIT", 1]]
  [1m[36mTRANSACTION (0.2ms)[0m  [1m[35mBEGIN[0m
  [1m[36mRanking Create (2.5ms)[0m  [1m[32mINSERT INTO "rankings" ("start_date", "end_date", "created_at", "updated_at") VALUES ($1, $2, $3, $4) RETURNING "id"[0m  [["start_date", "Mayo 17"], ["end_date", "Mayo 20"], ["created_at", "2023-05-18 01:51:19.286517"], ["updated_at", "2023-05-18 01:51:19.286517"]]
  [1m[36mTRANSACTION (2.7ms)[0m  [1m[35mCOMMIT[0m
  [1m[36mTRANSACTION (0.2ms)[0m  [1m[35mBEGIN[0m
  [1m[36mUser Load (0.2ms)[0m  [1m[34mSELECT "users".* FROM "users" WHERE "users"."id" = $1 LIMIT $2[0m  [["id", 1], ["LIMIT", 1]]
  [1m[36mRanking Load (0.2ms)[0m  [1m[34mSELECT "rankings".* FROM "rankings" WHERE "rankings"."id" = $1 LIMIT $2[0m  [["id", 1], ["LIMIT", 1]]
  [1m[36mRecord Create (3.3ms)[0m  [1m[32mINSERT INTO "records" ("user_id", "ranking_id", "km_traveled", "created_at", "updated_at") VALUES ($1, $2, $3, $4, $5) RETURNING "id"[0m  [["user_id", 1], ["ranking_id", 1], ["km_traveled", "20.0"], ["created_at", "2023-05-18 01:52:21.269262"], ["updated_at", "2023-05-18 01:52:21.269262"]]
  [1m[36mTRANSACTION (1.7ms)[0m  [1m[35mCOMMIT[0m
  [1m[36mRecord Load (0.5ms)[0m  [1m[34mSELECT "records".* FROM "records" ORDER BY "records"."id" ASC LIMIT $1[0m  [["LIMIT", 1]]
  [1m[36mRecord Load (0.4ms)[0m  [1m[34mSELECT "records".* FROM "records" ORDER BY "records"."id" ASC LIMIT $1[0m  [["LIMIT", 1]]
  [1m[36mUser Load (0.5ms)[0m  [1m[34mSELECT "users".* FROM "users" WHERE "users"."id" = $1 LIMIT $2[0m  [["id", 1], ["LIMIT", 1]]
  [1m[36mRanking Load (0.4ms)[0m  [1m[34mSELECT "rankings".* FROM "rankings" WHERE "rankings"."id" = $1 LIMIT $2[0m  [["id", 1], ["LIMIT", 1]]
  [1m[36mUser Load (0.4ms)[0m  [1m[34mSELECT "users".* FROM "users" ORDER BY "users"."id" ASC LIMIT $1[0m  [["LIMIT", 1]]
  [1m[36mRecord Load (0.9ms)[0m  [1m[34mSELECT "records".* FROM "records" WHERE "records"."user_id" = $1[0m  [["user_id", 1]]
  [1m[36mRanking Load (0.7ms)[0m  [1m[34mSELECT "rankings".* FROM "rankings" INNER JOIN "records" ON "rankings"."id" = "records"."ranking_id" WHERE "records"."user_id" = $1[0m  [["user_id", 1]]
  [1m[36mTRANSACTION (0.2ms)[0m  [1m[35mBEGIN[0m
  [1m[36mUser Load (0.3ms)[0m  [1m[34mSELECT "users".* FROM "users" WHERE "users"."id" = $1 LIMIT $2[0m  [["id", 1], ["LIMIT", 1]]
  [1m[36mRanking Load (0.2ms)[0m  [1m[34mSELECT "rankings".* FROM "rankings" WHERE "rankings"."id" = $1 LIMIT $2[0m  [["id", 1], ["LIMIT", 1]]
  [1m[36mRecord Create (0.5ms)[0m  [1m[32mINSERT INTO "records" ("user_id", "ranking_id", "km_traveled", "created_at", "updated_at") VALUES ($1, $2, $3, $4, $5) RETURNING "id"[0m  [["user_id", 1], ["ranking_id", 1], ["km_traveled", "50.0"], ["created_at", "2023-05-18 01:59:23.252522"], ["updated_at", "2023-05-18 01:59:23.252522"]]
  [1m[36mTRANSACTION (2.3ms)[0m  [1m[35mCOMMIT[0m
  [1m[36mUser Load (0.5ms)[0m  [1m[34mSELECT "users".* FROM "users" ORDER BY "users"."id" ASC LIMIT $1[0m  [["LIMIT", 1]]
  [1m[36mUser Load (0.4ms)[0m  [1m[34mSELECT "users".* FROM "users" ORDER BY "users"."id" ASC LIMIT $1[0m  [["LIMIT", 1]]
  [1m[36mRecord Load (0.4ms)[0m  [1m[34mSELECT "records".* FROM "records" WHERE "records"."user_id" = $1[0m  [["user_id", 1]]
  [1m[36mRanking Load (0.3ms)[0m  [1m[34mSELECT "rankings".* FROM "rankings" ORDER BY "rankings"."id" ASC LIMIT $1[0m  [["LIMIT", 1]]
  [1m[36mRanking Load (0.9ms)[0m  [1m[34mSELECT "rankings".* FROM "rankings" WHERE "rankings"."start_date" = $1[0m  [["start_date", "Mayo 17"]]
  [1m[36mRecord Load (0.3ms)[0m  [1m[34mSELECT "records".* FROM "records" ORDER BY "records"."id" ASC LIMIT $1[0m  [["LIMIT", 1]]
  [1m[36mRecord Load (3.7ms)[0m  [1m[34mSELECT "records".* FROM "records" ORDER BY "records"."id" ASC LIMIT $1[0m  [["LIMIT", 1]]
  [1m[36mRecord Load (0.4ms)[0m  [1m[34mSELECT "records".* FROM "records" ORDER BY "records"."id" ASC LIMIT $1[0m  [["LIMIT", 1]]
  [1m[36mRanking Load (0.3ms)[0m  [1m[34mSELECT "rankings".* FROM "rankings" WHERE "rankings"."id" = $1 LIMIT $2[0m  [["id", 1], ["LIMIT", 1]]
  [1m[36mRecord Load (0.5ms)[0m  [1m[34mSELECT "records".* FROM "records" ORDER BY "records"."id" ASC LIMIT $1[0m  [["LIMIT", 1]]
  [1m[36mRanking Load (1.2ms)[0m  [1m[34mSELECT "rankings".* FROM "rankings" WHERE "rankings"."id" = $1 LIMIT $2[0m  [["id", 1], ["LIMIT", 1]]
  [1m[36mRecord Load (0.4ms)[0m  [1m[34mSELECT "records".* FROM "records" ORDER BY "records"."id" ASC LIMIT $1[0m  [["LIMIT", 1]]
  [1m[36mRanking Load (0.3ms)[0m  [1m[34mSELECT "rankings".* FROM "rankings" WHERE "rankings"."id" = $1 LIMIT $2[0m  [["id", 1], ["LIMIT", 1]]
  [1m[36mUser Load (0.3ms)[0m  [1m[34mSELECT "users".* FROM "users" INNER JOIN "records" ON "users"."id" = "records"."user_id" WHERE "records"."ranking_id" = $1[0m  [["ranking_id", 1]]
  [1m[36mRanking Load (0.5ms)[0m  [1m[34mSELECT "rankings".* FROM "rankings"[0m
  [1m[36mRanking Load (0.3ms)[0m  [1m[34mSELECT "rankings".* FROM "rankings" WHERE "rankings"."start_date" = $1 ORDER BY "rankings"."id" ASC LIMIT $2[0m  [["start_date", "Mayo 17"], ["LIMIT", 1]]
  [1m[36mRanking Load (0.4ms)[0m  [1m[34mSELECT "rankings".* FROM "rankings" WHERE "rankings"."start_date" = $1 ORDER BY "rankings"."id" ASC LIMIT $2[0m  [["start_date", "Mayo 17"], ["LIMIT", 1]]
  [1m[36mRanking Load (0.4ms)[0m  [1m[34mSELECT "rankings".* FROM "rankings" WHERE "rankings"."start_date" = $1 ORDER BY "rankings"."id" ASC LIMIT $2[0m  [["start_date", "Mayo 17"], ["LIMIT", 1]]
  [1m[36mRecord Load (0.2ms)[0m  [1m[34mSELECT "records".* FROM "records" WHERE "records"."ranking_id" = $1[0m  [["ranking_id", 1]]
  [1m[36mRanking Load (0.3ms)[0m  [1m[34mSELECT "rankings".* FROM "rankings" WHERE "rankings"."start_date" = $1[0m  [["start_date", "Mayo 17"]]
  [1m[36mRanking Load (0.4ms)[0m  [1m[34mSELECT "rankings".* FROM "rankings" WHERE "rankings"."start_date" = $1[0m  [["start_date", "Mayo 17"]]
  [1m[36mRanking Load (0.4ms)[0m  [1m[34mSELECT "rankings".* FROM "rankings" WHERE "rankings"."start_date" = $1[0m  [["start_date", "Mayo 17"]]
  [1m[36mRanking Load (0.4ms)[0m  [1m[34mSELECT "rankings".* FROM "rankings" WHERE "rankings"."start_date" = $1[0m  [["start_date", "Mayo 17"]]
  [1m[36mRanking Load (0.4ms)[0m  [1m[34mSELECT "rankings".* FROM "rankings" WHERE "rankings"."start_date" = $1[0m  [["start_date", "Mayo 17"]]
  [1m[36mRanking Load (1.2ms)[0m  [1m[34mSELECT "rankings".* FROM "rankings" WHERE "rankings"."start_date" = $1[0m  [["start_date", "Mayo 17"]]
  [1m[36mUser Load (0.4ms)[0m  [1m[34mSELECT "users".* FROM "users" INNER JOIN "records" ON "users"."id" = "records"."user_id" WHERE "records"."ranking_id" = $1[0m  [["ranking_id", 1]]
Started GET "/api/v1/ranking/current" for ::1 at 2023-05-17 21:16:09 -0500
  [1m[36mActiveRecord::SchemaMigration Pluck (1.1ms)[0m  [1m[34mSELECT "schema_migrations"."version" FROM "schema_migrations" ORDER BY "schema_migrations"."version" ASC[0m
Processing by Api::V1::RankingsController#index as */*
Completed 200 OK in 25ms (Views: 1.8ms | ActiveRecord: 0.0ms | Allocations: 2486)


  [1m[36mRanking Load (1.5ms)[0m  [1m[34mSELECT "rankings".* FROM "rankings" ORDER BY "rankings"."id" ASC LIMIT $1[0m  [["LIMIT", 1]]
  [1m[36mRanking Load (0.5ms)[0m  [1m[34mSELECT "rankings".* FROM "rankings" ORDER BY "rankings"."id" ASC LIMIT $1[0m  [["LIMIT", 1]]
  [1m[36mTRANSACTION (0.4ms)[0m  [1m[35mBEGIN[0m
  [1m[36mRanking Update (0.6ms)[0m  [1m[33mUPDATE "rankings" SET "start_date" = $1, "end_date" = $2, "updated_at" = $3 WHERE "rankings"."id" = $4[0m  [["start_date", "2023-05-17"], ["end_date", "2023-05-18"], ["updated_at", "2023-05-18 02:23:24.214130"], ["id", 1]]
  [1m[36mTRANSACTION (2.2ms)[0m  [1m[35mCOMMIT[0m
  [1m[36mRanking Load (0.5ms)[0m  [1m[34mSELECT "rankings".* FROM "rankings" ORDER BY "rankings"."id" ASC LIMIT $1[0m  [["LIMIT", 1]]
  [1m[36mRanking Load (5.7ms)[0m  [1m[34mSELECT "rankings".* FROM "rankings" WHERE "rankings"."start_date" = $1[0m  [["start_date", "2023-05-17"]]
  [1m[36mUser Load (0.8ms)[0m  [1m[34mSELECT "users".* FROM "users" INNER JOIN "records" ON "users"."id" = "records"."user_id" WHERE "records"."ranking_id" = $1[0m  [["ranking_id", 1]]
Started GET "/api/v1/ranking/current" for ::1 at 2023-05-17 21:25:21 -0500
Processing by Api::V1::RankingsController#index as */*
Completed 200 OK in 1ms (Views: 0.2ms | Allocations: 262)


Started GET "/api/v1/ranking/current" for ::1 at 2023-05-17 21:36:00 -0500
Processing by Api::V1::RankingsController#index as */*
Completed 200 OK in 1ms (Views: 0.5ms | Allocations: 407)


Started GET "/api/v1/ranking/current" for ::1 at 2023-05-17 21:36:42 -0500
Processing by Api::V1::RankingsController#index as */*
Completed 200 OK in 1ms (Views: 0.3ms | Allocations: 258)


Started GET "/api/v1/ranking/current" for ::1 at 2023-05-17 21:58:34 -0500
  [1m[36mActiveRecord::SchemaMigration Pluck (6.4ms)[0m  [1m[34mSELECT "schema_migrations"."version" FROM "schema_migrations" ORDER BY "schema_migrations"."version" ASC[0m
Processing by Api::V1::RankingsController#index as */*
Completed 200 OK in 37ms (Views: 0.3ms | ActiveRecord: 0.0ms | Allocations: 3496)


Started GET "/api/v1/ranking/current" for ::1 at 2023-05-17 22:00:24 -0500
Processing by Api::V1::RankingsController#index as */*
Completed 200 OK in 1ms (Views: 0.2ms | ActiveRecord: 0.0ms | Allocations: 297)


Started GET "/api/v1/ranking/current" for ::1 at 2023-05-17 22:01:05 -0500
Processing by Api::V1::RankingsController#index as */*
Completed 500 Internal Server Error in 3ms (ActiveRecord: 0.0ms | Allocations: 1840)


  
NoMethodError (undefined method `page' for [{:number=>"1"}, {:number=>"2"}, {:number=>"3"}, {:number=>"4"}, {:number=>"5"}, {:number=>"6"}, {:number=>"7"}, {:number=>"8"}, {:number=>"9"}, {:number=>"10"}, {:number=>"11"}, {:number=>"12"}]:Array

        render json: example.page(10).order('number DESC')
                            ^^^^^):
  
app/controllers/api/v1/rankings_controller.rb:15:in `index'
Started GET "/api/v1/ranking/current" for ::1 at 2023-05-17 22:05:39 -0500
Processing by Api::V1::RankingsController#index as */*
Completed 500 Internal Server Error in 6ms (ActiveRecord: 0.0ms | Allocations: 1766)


  
NoMethodError (undefined method `paginate' for [{:number=>"1"}, {:number=>"2"}, {:number=>"3"}, {:number=>"4"}, {:number=>"5"}, {:number=>"6"}, {:number=>"7"}, {:number=>"8"}, {:number=>"9"}, {:number=>"10"}, {:number=>"11"}, {:number=>"12"}]:Array

        render json: example.paginate(page: 10).order('number DESC')
                            ^^^^^^^^^):
  
app/controllers/api/v1/rankings_controller.rb:15:in `index'
Started GET "/api/v1/ranking/current" for ::1 at 2023-05-17 22:06:01 -0500
Processing by Api::V1::RankingsController#index as */*
  [1m[36mUser Load (7.9ms)[0m  [1m[34mSELECT "users".* FROM "users" ORDER BY number DESC LIMIT $1 OFFSET $2[0m  [["LIMIT", 30], ["OFFSET", 270]]
  ↳ app/controllers/api/v1/rankings_controller.rb:15:in `index'
Completed 500 Internal Server Error in 25ms (ActiveRecord: 7.9ms | Allocations: 3778)


  
ActiveRecord::StatementInvalid (PG::UndefinedColumn: ERROR:  column "number" does not exist
LINE 1: SELECT "users".* FROM "users" ORDER BY number DESC LIMIT $1 ...
                                               ^
HINT:  Perhaps you meant to reference the column "users.name".
):
  
app/controllers/api/v1/rankings_controller.rb:15:in `index'
Started GET "/api/v1/ranking/current" for ::1 at 2023-05-17 22:06:32 -0500
Processing by Api::V1::RankingsController#index as */*
  [1m[36mUser Load (5.2ms)[0m  [1m[34mSELECT "users".* FROM "users" ORDER BY id DESC LIMIT $1 OFFSET $2[0m  [["LIMIT", 30], ["OFFSET", 270]]
  ↳ app/controllers/api/v1/rankings_controller.rb:15:in `index'
Completed 200 OK in 18ms (Views: 3.6ms | ActiveRecord: 5.2ms | Allocations: 2793)


Started GET "/api/v1/ranking/current" for ::1 at 2023-05-17 22:06:48 -0500
Processing by Api::V1::RankingsController#index as */*
  [1m[36mUser Load (0.4ms)[0m  [1m[34mSELECT "users".* FROM "users" ORDER BY id ASC LIMIT $1 OFFSET $2[0m  [["LIMIT", 30], ["OFFSET", 270]]
  ↳ app/controllers/api/v1/rankings_controller.rb:15:in `index'
Completed 200 OK in 15ms (Views: 2.0ms | ActiveRecord: 0.4ms | Allocations: 2706)


Started GET "/api/v1/ranking/current" for ::1 at 2023-05-17 22:07:11 -0500
Processing by Api::V1::RankingsController#index as */*
  [1m[36mUser Load (0.3ms)[0m  [1m[34mSELECT "users".* FROM "users"[0m
  ↳ app/controllers/api/v1/rankings_controller.rb:15:in `index'
Completed 200 OK in 56ms (Views: 27.9ms | ActiveRecord: 17.0ms | Allocations: 6726)


Started GET "/api/v1/ranking/current" for ::1 at 2023-05-17 22:07:21 -0500
Processing by Api::V1::RankingsController#index as */*
  [1m[36mUser Load (0.4ms)[0m  [1m[34mSELECT "users".* FROM "users" ORDER BY id ASC LIMIT $1 OFFSET $2[0m  [["LIMIT", 30], ["OFFSET", 270]]
  ↳ app/controllers/api/v1/rankings_controller.rb:15:in `index'
Completed 200 OK in 16ms (Views: 2.8ms | ActiveRecord: 0.4ms | Allocations: 2707)


Started GET "/api/v1/ranking/current" for ::1 at 2023-05-17 22:08:04 -0500
Processing by Api::V1::RankingsController#index as */*
  [1m[36mUser Load (2.8ms)[0m  [1m[34mSELECT "users".* FROM "users" ORDER BY id ASC LIMIT $1 OFFSET $2[0m  [["LIMIT", 30], ["OFFSET", 0]]
  ↳ app/controllers/api/v1/rankings_controller.rb:15:in `index'
Completed 200 OK in 23ms (Views: 6.5ms | ActiveRecord: 7.6ms | Allocations: 4670)


Started GET "/api/v1/ranking/current" for ::1 at 2023-05-17 22:08:53 -0500
Processing by Api::V1::RankingsController#index as */*
Completed 500 Internal Server Error in 3ms (ActiveRecord: 0.0ms | Allocations: 1769)


  
NoMethodError (undefined method `paginate' for [{:number=>"1"}, {:number=>"2"}, {:number=>"3"}, {:number=>"4"}, {:number=>"5"}, {:number=>"6"}, {:number=>"7"}, {:number=>"8"}, {:number=>"9"}, {:number=>"10"}, {:number=>"11"}, {:number=>"12"}]:Array

        render json: @example.paginate(page: params[:page]).order('id ASC')
                             ^^^^^^^^^):
  
app/controllers/api/v1/rankings_controller.rb:15:in `index'
Started GET "/api/v1/ranking/current" for ::1 at 2023-05-17 22:13:51 -0500
  
SyntaxError (/Users/esanchezm/Documents/motosmart/app/controllers/api/v1/rankings_controller.rb:17: syntax error, unexpected '}', expecting =>
...ender json: {edades_ascendente}
...                              ^
/Users/esanchezm/Documents/motosmart/app/controllers/api/v1/rankings_controller.rb:44: syntax error, unexpected end-of-input, expecting `end'):
  
app/controllers/api/v1/rankings_controller.rb:17: syntax error, unexpected '}', expecting =>
app/controllers/api/v1/rankings_controller.rb:44: syntax error, unexpected end-of-input, expecting `end'
app/controllers/api/v1/rankings_controller.rb:17: syntax error, unexpected '}', expecting =>
app/controllers/api/v1/rankings_controller.rb:44: syntax error, unexpected end-of-input, expecting `end'
Started GET "/api/v1/ranking/current" for ::1 at 2023-05-17 22:14:07 -0500
Processing by Api::V1::RankingsController#index as */*
Completed 200 OK in 2ms (Views: 0.4ms | ActiveRecord: 0.0ms | Allocations: 311)


Started GET "/api/v1/ranking/current" for ::1 at 2023-05-17 22:14:55 -0500
Processing by Api::V1::RankingsController#index as */*
Completed 500 Internal Server Error in 6ms (ActiveRecord: 0.0ms | Allocations: 1788)


  
NoMethodError (undefined method `edades' for [15, 20, 55, 1, 20, 20, 48, 20, 55, 9, 65, 2, 2, 35, 77, 2, 5, 6]:Array

        edades_ascendente = edades.edades.sort{ |a, b|
                                  ^^^^^^^):
  
app/controllers/api/v1/rankings_controller.rb:16:in `index'
Started GET "/api/v1/ranking/current" for ::1 at 2023-05-17 22:15:31 -0500
Processing by Api::V1::RankingsController#index as */*
Completed 200 OK in 7ms (Views: 0.3ms | ActiveRecord: 0.0ms | Allocations: 312)


Started GET "/api/v1/ranking/current" for ::1 at 2023-05-17 22:16:28 -0500
Processing by Api::V1::RankingsController#index as */*
Completed 500 Internal Server Error in 5ms (ActiveRecord: 0.0ms | Allocations: 1750)


  
NoMethodError (undefined method `number' for {:number=>"1"}:Hash

        if a.number >= b.number
            ^^^^^^^):
  
app/controllers/api/v1/rankings_controller.rb:17:in `block in index'
app/controllers/api/v1/rankings_controller.rb:16:in `sort'
app/controllers/api/v1/rankings_controller.rb:16:in `index'
Started GET "/api/v1/ranking/current" for ::1 at 2023-05-17 22:17:15 -0500
Processing by Api::V1::RankingsController#index as */*
Completed 200 OK in 2ms (Views: 0.3ms | ActiveRecord: 0.0ms | Allocations: 725)


Started GET "/api/v1/ranking/current" for ::1 at 2023-05-17 22:18:10 -0500
  
SyntaxError (/Users/esanchezm/Documents/motosmart/app/controllers/api/v1/rankings_controller.rb:16: syntax error, unexpected '.', expecting '|'
..._ascendente = example.sort{ |a.number, b.number|
...                              ^
/Users/esanchezm/Documents/motosmart/app/controllers/api/v1/rankings_controller.rb:16: syntax error, unexpected '|', expecting '.' or &. or :: or '['
...mple.sort{ |a.number, b.number|
...                              ^
/Users/esanchezm/Documents/motosmart/app/controllers/api/v1/rankings_controller.rb:27: syntax error, unexpected '}', expecting `end'
      }
      ^
):
  
app/controllers/api/v1/rankings_controller.rb:16: syntax error, unexpected '.', expecting '|'
app/controllers/api/v1/rankings_controller.rb:16: syntax error, unexpected '|', expecting '.' or &. or :: or '['
app/controllers/api/v1/rankings_controller.rb:27: syntax error, unexpected '}', expecting `end'
app/controllers/api/v1/rankings_controller.rb:16: syntax error, unexpected '.', expecting '|'
app/controllers/api/v1/rankings_controller.rb:16: syntax error, unexpected '|', expecting '.' or &. or :: or '['
app/controllers/api/v1/rankings_controller.rb:27: syntax error, unexpected '}', expecting `end'
Started GET "/api/v1/ranking/current" for ::1 at 2023-05-17 22:18:31 -0500
Processing by Api::V1::RankingsController#index as */*
Completed 200 OK in 6ms (Views: 4.1ms | ActiveRecord: 0.0ms | Allocations: 577)


Started GET "/api/v1/ranking/current" for ::1 at 2023-05-17 22:19:32 -0500
Processing by Api::V1::RankingsController#index as */*
Completed 200 OK in 1ms (Views: 0.3ms | ActiveRecord: 0.0ms | Allocations: 547)


Started GET "/api/v1/ranking/current" for ::1 at 2023-05-17 22:19:56 -0500
Processing by Api::V1::RankingsController#index as */*
Completed 200 OK in 1ms (Views: 0.3ms | ActiveRecord: 0.0ms | Allocations: 488)


Started GET "/api/v1/ranking/current" for ::1 at 2023-05-17 22:20:20 -0500
Processing by Api::V1::RankingsController#index as */*
Completed 200 OK in 2ms (Views: 0.3ms | ActiveRecord: 0.0ms | Allocations: 600)


Started GET "/api/v1/ranking/current" for ::1 at 2023-05-17 22:23:47 -0500
Processing by Api::V1::RankingsController#index as */*
  [1m[36mRanking Load (3.6ms)[0m  [1m[34mSELECT "rankings".* FROM "rankings" WHERE "rankings"."start_date" = $1 /* loading for inspect */ LIMIT $2[0m  [["start_date", "2023-05-17"], ["LIMIT", 11]]
  ↳ app/controllers/api/v1/rankings_controller.rb:15:in `p'
Completed 200 OK in 42ms (Views: 0.4ms | ActiveRecord: 13.2ms | Allocations: 5539)


  [1m[36mRanking Load (0.9ms)[0m  [1m[34mSELECT "rankings".* FROM "rankings" WHERE "rankings"."start_date" = $1 /* loading for inspect */ LIMIT $2[0m  [["start_date", "2023-05-17"], ["LIMIT", 11]]
  [1m[36mRanking Load (2.4ms)[0m  [1m[34mSELECT "rankings".* FROM "rankings" WHERE "rankings"."start_date" = $1 /* loading for inspect */ LIMIT $2[0m  [["start_date", "2023-05-17"], ["LIMIT", 11]]
  [1m[36mRanking Load (0.5ms)[0m  [1m[34mSELECT "rankings".* FROM "rankings" WHERE "rankings"."start_date" = $1 /* loading for inspect */ LIMIT $2[0m  [["start_date", "2023-05-17"], ["LIMIT", 11]]
  [1m[36mRanking Load (0.3ms)[0m  [1m[34mSELECT "rankings".* FROM "rankings" WHERE "rankings"."start_date" = $1 /* loading for inspect */ LIMIT $2[0m  [["start_date", "2023-05-17"], ["LIMIT", 11]]
  [1m[36mRanking Load (0.5ms)[0m  [1m[34mSELECT "rankings".* FROM "rankings" WHERE "rankings"."start_date" = $1 /* loading for inspect */ LIMIT $2[0m  [["start_date", "2023-05-17"], ["LIMIT", 11]]
  [1m[36mRanking Load (0.6ms)[0m  [1m[34mSELECT "rankings".* FROM "rankings" WHERE "rankings"."start_date" = $1 /* loading for inspect */ LIMIT $2[0m  [["start_date", "2023-05-17"], ["LIMIT", 11]]
  [1m[36mRanking Load (0.3ms)[0m  [1m[34mSELECT "rankings".* FROM "rankings" WHERE "rankings"."start_date" = $1 /* loading for inspect */ LIMIT $2[0m  [["start_date", "2023-05-17"], ["LIMIT", 11]]
  [1m[36mRanking Load (0.4ms)[0m  [1m[34mSELECT "rankings".* FROM "rankings" WHERE "rankings"."start_date" = $1 /* loading for inspect */ LIMIT $2[0m  [["start_date", "2023-05-17"], ["LIMIT", 11]]
  [1m[36mRanking Load (0.4ms)[0m  [1m[34mSELECT "rankings".* FROM "rankings" WHERE "rankings"."start_date" = $1[0m  [["start_date", "2023-05-17"]]
  [1m[36mUser Load (0.6ms)[0m  [1m[34mSELECT "users".* FROM "users" ORDER BY "users"."id" ASC LIMIT $1[0m  [["LIMIT", 1]]
  [1m[36mRecord Load (0.6ms)[0m  [1m[34mSELECT "records".* FROM "records" WHERE "records"."user_id" = $1[0m  [["user_id", 1]]
  [1m[36mUser Load (0.4ms)[0m  [1m[34mSELECT "users".* FROM "users" ORDER BY "users"."id" ASC LIMIT $1[0m  [["LIMIT", 1]]
  [1m[36mRecord Load (0.3ms)[0m  [1m[34mSELECT "records".* FROM "records" WHERE "records"."user_id" = $1 /* loading for inspect */ LIMIT $2[0m  [["user_id", 1], ["LIMIT", 11]]
  [1m[36mRecord Load (0.3ms)[0m  [1m[34mSELECT "records".* FROM "records" WHERE "records"."user_id" = $1 /* loading for inspect */ LIMIT $2[0m  [["user_id", 1], ["LIMIT", 11]]
  [1m[36mUser Load (3.1ms)[0m  [1m[34mSELECT "users".* FROM "users" ORDER BY "users"."id" ASC LIMIT $1[0m  [["LIMIT", 1]]
  [1m[36mRecord Load (0.7ms)[0m  [1m[34mSELECT "records".* FROM "records" WHERE "records"."user_id" = $1 /* loading for inspect */ LIMIT $2[0m  [["user_id", 1], ["LIMIT", 11]]
  [1m[36mRecord Load (0.3ms)[0m  [1m[34mSELECT "records".* FROM "records" WHERE "records"."user_id" = $1 /* loading for inspect */ LIMIT $2[0m  [["user_id", 1], ["LIMIT", 11]]
  [1m[36mUser Load (0.4ms)[0m  [1m[34mSELECT "users".* FROM "users" ORDER BY "users"."id" ASC LIMIT $1[0m  [["LIMIT", 1]]
  [1m[36mRecord Load (0.5ms)[0m  [1m[34mSELECT "records".* FROM "records" WHERE "records"."user_id" = $1 ORDER BY "records"."id" ASC LIMIT $2[0m  [["user_id", 1], ["LIMIT", 1]]
  [1m[36mUser Load (0.4ms)[0m  [1m[34mSELECT "users".* FROM "users" ORDER BY "users"."id" ASC LIMIT $1[0m  [["LIMIT", 1]]
  [1m[36mRecord Load (0.4ms)[0m  [1m[34mSELECT "records".* FROM "records" WHERE "records"."user_id" = $1 ORDER BY "records"."id" ASC LIMIT $2[0m  [["user_id", 1], ["LIMIT", 1]]
  [1m[36mRanking Load (0.3ms)[0m  [1m[34mSELECT "rankings".* FROM "rankings" WHERE "rankings"."id" = $1 LIMIT $2[0m  [["id", 1], ["LIMIT", 1]]
  [1m[36mRanking Load (0.4ms)[0m  [1m[34mSELECT "rankings".* FROM "rankings" WHERE "rankings"."start_date" = $1[0m  [["start_date", "2023-05-17"]]
  [1m[36mRanking Load (0.3ms)[0m  [1m[34mSELECT "rankings".* FROM "rankings" WHERE "rankings"."start_date" = $1[0m  [["start_date", "2023-05-17"]]
  [1m[36mRanking Load (0.3ms)[0m  [1m[34mSELECT "rankings".* FROM "rankings" WHERE "rankings"."start_date" = $1 /* loading for inspect */ LIMIT $2[0m  [["start_date", "2023-05-17"], ["LIMIT", 11]]
  [1m[36mRanking Load (0.2ms)[0m  [1m[34mSELECT "rankings".* FROM "rankings" WHERE "rankings"."start_date" = $1 /* loading for inspect */ LIMIT $2[0m  [["start_date", "2023-05-17"], ["LIMIT", 11]]
  [1m[36mRanking Load (0.3ms)[0m  [1m[34mSELECT "rankings".* FROM "rankings" WHERE "rankings"."start_date" = $1[0m  [["start_date", "2023-05-17"]]
  [1m[36mUser Load (0.4ms)[0m  [1m[34mSELECT "users".* FROM "users" ORDER BY "users"."id" ASC LIMIT $1[0m  [["LIMIT", 1]]
  [1m[36mRecord Load (0.3ms)[0m  [1m[34mSELECT "records".* FROM "records" WHERE "records"."user_id" = $1[0m  [["user_id", 1]]
  [1m[36mUser Load (0.5ms)[0m  [1m[34mSELECT "users".* FROM "users" ORDER BY "users"."id" ASC LIMIT $1[0m  [["LIMIT", 1]]
  [1m[36mRecord Load (0.4ms)[0m  [1m[34mSELECT "records".* FROM "records" WHERE "records"."user_id" = $1 ORDER BY "records"."id" ASC LIMIT $2[0m  [["user_id", 1], ["LIMIT", 1]]
  [1m[36mRanking Load (0.3ms)[0m  [1m[34mSELECT "rankings".* FROM "rankings" WHERE "rankings"."id" = $1 LIMIT $2[0m  [["id", 1], ["LIMIT", 1]]
  [1m[36mRanking Load (0.3ms)[0m  [1m[34mSELECT "rankings".* FROM "rankings" WHERE "rankings"."start_date" = $1[0m  [["start_date", "2023-05-17"]]
  [1m[36mRanking Load (4.1ms)[0m  [1m[34mSELECT "rankings".* FROM "rankings" WHERE "rankings"."start_date" = $1 ORDER BY "rankings"."id" ASC LIMIT $2[0m  [["start_date", "2023-05-17"], ["LIMIT", 1]]
  [1m[36mRanking Load (0.4ms)[0m  [1m[34mSELECT "rankings".* FROM "rankings" WHERE "rankings"."start_date" = $1 ORDER BY "rankings"."id" ASC LIMIT $2[0m  [["start_date", "2023-05-17"], ["LIMIT", 1]]
  [1m[36mRecord Load (2.7ms)[0m  [1m[34mSELECT "records".* FROM "records" WHERE "records"."ranking_id" = $1[0m  [["ranking_id", 1]]
  [1m[36mRanking Load (0.3ms)[0m  [1m[34mSELECT "rankings".* FROM "rankings" WHERE "rankings"."start_date" = $1[0m  [["start_date", "2023-05-17"]]
Started GET "/api/v1/ranking/current" for ::1 at 2023-05-17 22:47:48 -0500
Processing by Api::V1::RankingsController#index as */*
  [1m[36mRanking Load (1.3ms)[0m  [1m[34mSELECT "rankings".* FROM "rankings" WHERE "rankings"."start_date" = $1 ORDER BY "rankings"."id" ASC LIMIT $2[0m  [["start_date", "2023-05-17"], ["LIMIT", 1]]
  ↳ app/controllers/api/v1/rankings_controller.rb:13:in `index'
  [1m[36mRecord Load (2.8ms)[0m  [1m[34mSELECT "records".* FROM "records" WHERE "records"."ranking_id" = $1 /* loading for inspect */ LIMIT $2[0m  [["ranking_id", 1], ["LIMIT", 11]]
  ↳ app/controllers/api/v1/rankings_controller.rb:15:in `p'
Completed 200 OK in 140ms (Views: 1.6ms | ActiveRecord: 33.4ms | Allocations: 13877)


Started GET "/api/v1/ranking/current" for ::1 at 2023-05-17 22:48:23 -0500
Processing by Api::V1::RankingsController#index as */*
  [1m[36mRanking Load (0.3ms)[0m  [1m[34mSELECT "rankings".* FROM "rankings" WHERE "rankings"."start_date" = $1 ORDER BY "rankings"."id" ASC LIMIT $2[0m  [["start_date", "2023-05-17"], ["LIMIT", 1]]
  ↳ app/controllers/api/v1/rankings_controller.rb:13:in `index'
  [1m[36mRecord Load (0.4ms)[0m  [1m[34mSELECT "records".* FROM "records" WHERE "records"."ranking_id" = $1 /* loading for inspect */ LIMIT $2[0m  [["ranking_id", 1], ["LIMIT", 11]]
  ↳ app/controllers/api/v1/rankings_controller.rb:15:in `p'
Completed 200 OK in 52ms (Views: 0.4ms | ActiveRecord: 11.2ms | Allocations: 8272)


Started GET "/api/v1/ranking/current" for ::1 at 2023-05-17 22:50:05 -0500
Processing by Api::V1::RankingsController#index as */*
  [1m[36mRanking Load (0.4ms)[0m  [1m[34mSELECT "rankings".* FROM "rankings" WHERE "rankings"."start_date" = $1 ORDER BY "rankings"."id" ASC LIMIT $2[0m  [["start_date", "2023-05-17"], ["LIMIT", 1]]
  ↳ app/controllers/api/v1/rankings_controller.rb:13:in `index'
  [1m[36mRecord Load (0.4ms)[0m  [1m[34mSELECT "records".* FROM "records" WHERE "records"."ranking_id" = $1 /* loading for inspect */ LIMIT $2[0m  [["ranking_id", 1], ["LIMIT", 11]]
  ↳ app/controllers/api/v1/rankings_controller.rb:15:in `p'
Completed 200 OK in 87ms (Views: 0.3ms | ActiveRecord: 14.8ms | Allocations: 7968)


Started GET "/api/v1/ranking/current" for ::1 at 2023-05-17 22:50:52 -0500
Processing by Api::V1::RankingsController#index as */*
  [1m[36mRanking Load (0.3ms)[0m  [1m[34mSELECT "rankings".* FROM "rankings" WHERE "rankings"."start_date" = $1 ORDER BY "rankings"."id" ASC LIMIT $2[0m  [["start_date", "2023-05-17"], ["LIMIT", 1]]
  ↳ app/controllers/api/v1/rankings_controller.rb:13:in `index'
  [1m[36mRecord Load (0.4ms)[0m  [1m[34mSELECT "records".* FROM "records" WHERE "records"."ranking_id" = $1 /* loading for inspect */ LIMIT $2[0m  [["ranking_id", 1], ["LIMIT", 11]]
  ↳ app/controllers/api/v1/rankings_controller.rb:15:in `p'
  [1m[36mRecord Load (0.3ms)[0m  [1m[34mSELECT "records".* FROM "records" WHERE "records"."ranking_id" = $1[0m  [["ranking_id", 1]]
  ↳ app/controllers/api/v1/rankings_controller.rb:17:in `index'
Completed 200 OK in 43ms (Views: 0.2ms | ActiveRecord: 11.1ms | Allocations: 8927)


Started GET "/api/v1/ranking/current" for ::1 at 2023-05-17 22:53:48 -0500
Processing by Api::V1::RankingsController#index as */*
  [1m[36mRanking Load (0.3ms)[0m  [1m[34mSELECT "rankings".* FROM "rankings" WHERE "rankings"."start_date" = $1 ORDER BY "rankings"."id" ASC LIMIT $2[0m  [["start_date", "2023-05-17"], ["LIMIT", 1]]
  ↳ app/controllers/api/v1/rankings_controller.rb:13:in `index'
  [1m[36mRecord Load (0.3ms)[0m  [1m[34mSELECT "records".* FROM "records" WHERE "records"."ranking_id" = $1 /* loading for inspect */ LIMIT $2[0m  [["ranking_id", 1], ["LIMIT", 11]]
  ↳ app/controllers/api/v1/rankings_controller.rb:15:in `p'
  [1m[36mRecord Load (6.4ms)[0m  [1m[34mSELECT "records".* FROM "records" WHERE "records"."ranking_id" = $1[0m  [["ranking_id", 1]]
  ↳ app/controllers/api/v1/rankings_controller.rb:17:in `index'
Completed 500 Internal Server Error in 60ms (ActiveRecord: 13.3ms | Allocations: 11968)


  
NameError (undefined local variable or method `user_id' for #<Api::V1::RankingsController:0x00000000064938>

          user = User.find(user_id)
                           ^^^^^^^
Did you mean?  user):
  
app/controllers/api/v1/rankings_controller.rb:21:in `block in index'
app/controllers/api/v1/rankings_controller.rb:17:in `index'
Started GET "/api/v1/ranking/current" for ::1 at 2023-05-17 22:54:05 -0500
Processing by Api::V1::RankingsController#index as */*
  [1m[36mRanking Load (0.5ms)[0m  [1m[34mSELECT "rankings".* FROM "rankings" WHERE "rankings"."start_date" = $1 ORDER BY "rankings"."id" ASC LIMIT $2[0m  [["start_date", "2023-05-17"], ["LIMIT", 1]]
  ↳ app/controllers/api/v1/rankings_controller.rb:13:in `index'
  [1m[36mRecord Load (0.3ms)[0m  [1m[34mSELECT "records".* FROM "records" WHERE "records"."ranking_id" = $1 /* loading for inspect */ LIMIT $2[0m  [["ranking_id", 1], ["LIMIT", 11]]
  ↳ app/controllers/api/v1/rankings_controller.rb:15:in `p'
  [1m[36mRecord Load (5.1ms)[0m  [1m[34mSELECT "records".* FROM "records" WHERE "records"."ranking_id" = $1[0m  [["ranking_id", 1]]
  ↳ app/controllers/api/v1/rankings_controller.rb:17:in `index'
Completed 500 Internal Server Error in 49ms (ActiveRecord: 12.1ms | Allocations: 12006)


  
NameError (undefined local variable or method `user_id' for #<Api::V1::RankingsController:0x00000000068290>

          user = User.find(id: user_id)
                               ^^^^^^^
Did you mean?  user):
  
app/controllers/api/v1/rankings_controller.rb:21:in `block in index'
app/controllers/api/v1/rankings_controller.rb:17:in `index'
Started GET "/api/v1/ranking/current" for ::1 at 2023-05-17 22:54:27 -0500
Processing by Api::V1::RankingsController#index as */*
  [1m[36mRanking Load (0.2ms)[0m  [1m[34mSELECT "rankings".* FROM "rankings" WHERE "rankings"."start_date" = $1 ORDER BY "rankings"."id" ASC LIMIT $2[0m  [["start_date", "2023-05-17"], ["LIMIT", 1]]
  ↳ app/controllers/api/v1/rankings_controller.rb:13:in `index'
  [1m[36mRecord Load (0.3ms)[0m  [1m[34mSELECT "records".* FROM "records" WHERE "records"."ranking_id" = $1 /* loading for inspect */ LIMIT $2[0m  [["ranking_id", 1], ["LIMIT", 11]]
  ↳ app/controllers/api/v1/rankings_controller.rb:15:in `p'
  [1m[36mRecord Load (0.5ms)[0m  [1m[34mSELECT "records".* FROM "records" WHERE "records"."ranking_id" = $1[0m  [["ranking_id", 1]]
  ↳ app/controllers/api/v1/rankings_controller.rb:17:in `index'
  [1m[36mUser Load (0.5ms)[0m  [1m[34mSELECT "users".* FROM "users" WHERE "users"."id" = $1 LIMIT $2[0m  [["id", 1], ["LIMIT", 1]]
  ↳ app/controllers/api/v1/rankings_controller.rb:21:in `block in index'
  [1m[36mCACHE User Load (0.0ms)[0m  [1m[34mSELECT "users".* FROM "users" WHERE "users"."id" = $1 LIMIT $2[0m  [["id", 1], ["LIMIT", 1]]
  ↳ app/controllers/api/v1/rankings_controller.rb:21:in `block in index'
Completed 200 OK in 75ms (Views: 1.4ms | ActiveRecord: 15.2ms | Allocations: 13122)


Started GET "/api/v1/ranking/current" for ::1 at 2023-05-17 22:55:09 -0500
Processing by Api::V1::RankingsController#index as */*
  [1m[36mRanking Load (0.2ms)[0m  [1m[34mSELECT "rankings".* FROM "rankings" WHERE "rankings"."start_date" = $1 ORDER BY "rankings"."id" ASC LIMIT $2[0m  [["start_date", "2023-05-17"], ["LIMIT", 1]]
  ↳ app/controllers/api/v1/rankings_controller.rb:13:in `index'
  [1m[36mRecord Load (0.3ms)[0m  [1m[34mSELECT "records".* FROM "records" WHERE "records"."ranking_id" = $1 /* loading for inspect */ LIMIT $2[0m  [["ranking_id", 1], ["LIMIT", 11]]
  ↳ app/controllers/api/v1/rankings_controller.rb:15:in `p'
  [1m[36mRecord Load (0.5ms)[0m  [1m[34mSELECT "records".* FROM "records" WHERE "records"."ranking_id" = $1[0m  [["ranking_id", 1]]
  ↳ app/controllers/api/v1/rankings_controller.rb:17:in `index'
Completed 200 OK in 49ms (Views: 0.3ms | ActiveRecord: 8.3ms | Allocations: 8866)


Started GET "/api/v1/ranking/current" for ::1 at 2023-05-17 22:55:30 -0500
Processing by Api::V1::RankingsController#index as */*
  [1m[36mRanking Load (0.3ms)[0m  [1m[34mSELECT "rankings".* FROM "rankings" WHERE "rankings"."start_date" = $1 ORDER BY "rankings"."id" ASC LIMIT $2[0m  [["start_date", "2023-05-17"], ["LIMIT", 1]]
  ↳ app/controllers/api/v1/rankings_controller.rb:13:in `index'
  [1m[36mRecord Load (0.2ms)[0m  [1m[34mSELECT "records".* FROM "records" WHERE "records"."ranking_id" = $1 /* loading for inspect */ LIMIT $2[0m  [["ranking_id", 1], ["LIMIT", 11]]
  ↳ app/controllers/api/v1/rankings_controller.rb:15:in `p'
  [1m[36mRecord Load (1.7ms)[0m  [1m[34mSELECT "records".* FROM "records" WHERE "records"."ranking_id" = $1[0m  [["ranking_id", 1]]
  ↳ app/controllers/api/v1/rankings_controller.rb:17:in `index'
Completed 200 OK in 42ms (Views: 0.3ms | ActiveRecord: 8.7ms | Allocations: 8847)


Started GET "/api/v1/ranking/current" for ::1 at 2023-05-17 22:57:46 -0500
Processing by Api::V1::RankingsController#index as */*
  [1m[36mRanking Load (0.2ms)[0m  [1m[34mSELECT "rankings".* FROM "rankings" WHERE "rankings"."start_date" = $1 ORDER BY "rankings"."id" ASC LIMIT $2[0m  [["start_date", "2023-05-17"], ["LIMIT", 1]]
  ↳ app/controllers/api/v1/rankings_controller.rb:13:in `index'
  [1m[36mRecord Load (0.7ms)[0m  [1m[34mSELECT "records".* FROM "records" WHERE "records"."ranking_id" = $1 /* loading for inspect */ LIMIT $2[0m  [["ranking_id", 1], ["LIMIT", 11]]
  ↳ app/controllers/api/v1/rankings_controller.rb:15:in `p'
  [1m[36mRecord Load (0.4ms)[0m  [1m[34mSELECT "records".* FROM "records" WHERE "records"."ranking_id" = $1[0m  [["ranking_id", 1]]
  ↳ app/controllers/api/v1/rankings_controller.rb:17:in `index'
Completed 200 OK in 47ms (Views: 0.4ms | ActiveRecord: 10.1ms | Allocations: 8869)


Started GET "/api/v1/ranking/current" for ::1 at 2023-05-17 22:58:25 -0500
Processing by Api::V1::RankingsController#index as */*
  [1m[36mRanking Load (0.2ms)[0m  [1m[34mSELECT "rankings".* FROM "rankings" WHERE "rankings"."start_date" = $1 ORDER BY "rankings"."id" ASC LIMIT $2[0m  [["start_date", "2023-05-17"], ["LIMIT", 1]]
  ↳ app/controllers/api/v1/rankings_controller.rb:13:in `index'
  [1m[36mRecord Load (0.3ms)[0m  [1m[34mSELECT "records".* FROM "records" WHERE "records"."ranking_id" = $1 /* loading for inspect */ LIMIT $2[0m  [["ranking_id", 1], ["LIMIT", 11]]
  ↳ app/controllers/api/v1/rankings_controller.rb:15:in `p'
  [1m[36mRecord Load (0.2ms)[0m  [1m[34mSELECT "records".* FROM "records" WHERE "records"."ranking_id" = $1[0m  [["ranking_id", 1]]
  ↳ app/controllers/api/v1/rankings_controller.rb:17:in `index'
Completed 200 OK in 47ms (Views: 0.2ms | ActiveRecord: 11.8ms | Allocations: 8932)


Started GET "/api/v1/ranking/current" for ::1 at 2023-05-17 23:01:17 -0500
Processing by Api::V1::RankingsController#index as */*
  [1m[36mRanking Load (0.2ms)[0m  [1m[34mSELECT "rankings".* FROM "rankings" WHERE "rankings"."start_date" = $1 ORDER BY "rankings"."id" ASC LIMIT $2[0m  [["start_date", "2023-05-17"], ["LIMIT", 1]]
  ↳ app/controllers/api/v1/rankings_controller.rb:13:in `index'
  [1m[36mRecord Load (0.3ms)[0m  [1m[34mSELECT "records".* FROM "records" WHERE "records"."ranking_id" = $1 /* loading for inspect */ LIMIT $2[0m  [["ranking_id", 1], ["LIMIT", 11]]
  ↳ app/controllers/api/v1/rankings_controller.rb:15:in `p'
  [1m[36mRecord Load (0.3ms)[0m  [1m[34mSELECT "records".* FROM "records" WHERE "records"."ranking_id" = $1[0m  [["ranking_id", 1]]
  ↳ app/controllers/api/v1/rankings_controller.rb:17:in `index'
Completed 200 OK in 52ms (Views: 0.2ms | ActiveRecord: 9.3ms | Allocations: 9029)


Started GET "/api/v1/ranking/current" for ::1 at 2023-05-17 23:03:37 -0500
Processing by Api::V1::RankingsController#index as */*
  [1m[36mRanking Load (0.2ms)[0m  [1m[34mSELECT "rankings".* FROM "rankings" WHERE "rankings"."start_date" = $1 ORDER BY "rankings"."id" ASC LIMIT $2[0m  [["start_date", "2023-05-17"], ["LIMIT", 1]]
  ↳ app/controllers/api/v1/rankings_controller.rb:13:in `index'
  [1m[36mRecord Load (0.6ms)[0m  [1m[34mSELECT "records".* FROM "records" WHERE "records"."ranking_id" = $1 /* loading for inspect */ LIMIT $2[0m  [["ranking_id", 1], ["LIMIT", 11]]
  ↳ app/controllers/api/v1/rankings_controller.rb:15:in `p'
  [1m[36mRecord Load (0.9ms)[0m  [1m[34mSELECT "records".* FROM "records" WHERE "records"."ranking_id" = $1[0m  [["ranking_id", 1]]
  ↳ app/controllers/api/v1/rankings_controller.rb:17:in `index'
Completed 200 OK in 46ms (Views: 0.5ms | ActiveRecord: 10.5ms | Allocations: 9060)


Started GET "/api/v1/ranking/current" for ::1 at 2023-05-17 23:04:18 -0500
Processing by Api::V1::RankingsController#index as */*
  [1m[36mRanking Load (0.2ms)[0m  [1m[34mSELECT "rankings".* FROM "rankings" WHERE "rankings"."start_date" = $1 ORDER BY "rankings"."id" ASC LIMIT $2[0m  [["start_date", "2023-05-17"], ["LIMIT", 1]]
  ↳ app/controllers/api/v1/rankings_controller.rb:13:in `index'
  [1m[36mRecord Load (0.3ms)[0m  [1m[34mSELECT "records".* FROM "records" WHERE "records"."ranking_id" = $1 /* loading for inspect */ LIMIT $2[0m  [["ranking_id", 1], ["LIMIT", 11]]
  ↳ app/controllers/api/v1/rankings_controller.rb:15:in `p'
  [1m[36mRecord Load (0.2ms)[0m  [1m[34mSELECT "records".* FROM "records" WHERE "records"."ranking_id" = $1[0m  [["ranking_id", 1]]
  ↳ app/controllers/api/v1/rankings_controller.rb:17:in `index'
Completed 200 OK in 55ms (Views: 0.3ms | ActiveRecord: 7.7ms | Allocations: 8848)


Started GET "/api/v1/ranking/current" for ::1 at 2023-05-17 23:05:26 -0500
Processing by Api::V1::RankingsController#index as */*
  [1m[36mRanking Load (0.2ms)[0m  [1m[34mSELECT "rankings".* FROM "rankings" WHERE "rankings"."start_date" = $1 ORDER BY "rankings"."id" ASC LIMIT $2[0m  [["start_date", "2023-05-17"], ["LIMIT", 1]]
  ↳ app/controllers/api/v1/rankings_controller.rb:13:in `index'
  [1m[36mRecord Load (0.3ms)[0m  [1m[34mSELECT "records".* FROM "records" WHERE "records"."ranking_id" = $1 /* loading for inspect */ LIMIT $2[0m  [["ranking_id", 1], ["LIMIT", 11]]
  ↳ app/controllers/api/v1/rankings_controller.rb:15:in `p'
  [1m[36mRecord Load (0.7ms)[0m  [1m[34mSELECT "records".* FROM "records" WHERE "records"."ranking_id" = $1[0m  [["ranking_id", 1]]
  ↳ app/controllers/api/v1/rankings_controller.rb:17:in `index'
Completed 200 OK in 43ms (Views: 0.2ms | ActiveRecord: 7.9ms | Allocations: 9065)


  [1m[36mRecord Load (1.9ms)[0m  [1m[34mSELECT "records".* FROM "records"[0m
Started GET "/api/v1/ranking/current" for ::1 at 2023-05-17 23:09:36 -0500
Processing by Api::V1::RankingsController#index as */*
  [1m[36mRanking Load (0.4ms)[0m  [1m[34mSELECT "rankings".* FROM "rankings" WHERE "rankings"."start_date" = $1 ORDER BY "rankings"."id" ASC LIMIT $2[0m  [["start_date", "2023-05-17"], ["LIMIT", 1]]
  ↳ app/controllers/api/v1/rankings_controller.rb:13:in `index'
  [1m[36mRecord Load (0.9ms)[0m  [1m[34mSELECT "records".* FROM "records" WHERE "records"."ranking_id" = $1 /* loading for inspect */ LIMIT $2[0m  [["ranking_id", 1], ["LIMIT", 11]]
  ↳ app/controllers/api/v1/rankings_controller.rb:15:in `p'
  [1m[36mRecord Load (0.4ms)[0m  [1m[34mSELECT "records".* FROM "records" WHERE "records"."ranking_id" = $1[0m  [["ranking_id", 1]]
  ↳ app/controllers/api/v1/rankings_controller.rb:17:in `index'
Completed 200 OK in 48ms (Views: 0.5ms | ActiveRecord: 15.6ms | Allocations: 8848)


Started GET "/api/v1/ranking/current" for ::1 at 2023-05-17 23:17:22 -0500
Processing by Api::V1::RankingsController#index as */*
  [1m[36mRanking Load (0.6ms)[0m  [1m[34mSELECT "rankings".* FROM "rankings" WHERE "rankings"."start_date" = $1 ORDER BY "rankings"."id" ASC LIMIT $2[0m  [["start_date", "2023-05-17"], ["LIMIT", 1]]
  ↳ app/controllers/api/v1/rankings_controller.rb:13:in `index'
  [1m[36mRecord Load (0.7ms)[0m  [1m[34mSELECT "records".* FROM "records" WHERE "records"."ranking_id" = $1 /* loading for inspect */ LIMIT $2[0m  [["ranking_id", 1], ["LIMIT", 11]]
  ↳ app/controllers/api/v1/rankings_controller.rb:15:in `p'
  [1m[36mRecord Load (0.6ms)[0m  [1m[34mSELECT "records".* FROM "records" WHERE "records"."ranking_id" = $1[0m  [["ranking_id", 1]]
  ↳ app/controllers/api/v1/rankings_controller.rb:17:in `index'
Completed 500 Internal Server Error in 134ms (ActiveRecord: 19.2ms | Allocations: 13700)


  
NameError (undefined local variable or method `a' for #<Api::V1::RankingsController:0x00000000090290>

            if a.include?(record_two[:user_id])
               ^):
  
app/controllers/api/v1/rankings_controller.rb:28:in `block (2 levels) in index'
app/controllers/api/v1/rankings_controller.rb:27:in `block in index'
app/controllers/api/v1/rankings_controller.rb:17:in `index'
Started GET "/api/v1/ranking/current" for ::1 at 2023-05-17 23:17:40 -0500
Processing by Api::V1::RankingsController#index as */*
  [1m[36mRanking Load (1.0ms)[0m  [1m[34mSELECT "rankings".* FROM "rankings" WHERE "rankings"."start_date" = $1 ORDER BY "rankings"."id" ASC LIMIT $2[0m  [["start_date", "2023-05-17"], ["LIMIT", 1]]
  ↳ app/controllers/api/v1/rankings_controller.rb:13:in `index'
  [1m[36mRecord Load (0.3ms)[0m  [1m[34mSELECT "records".* FROM "records" WHERE "records"."ranking_id" = $1 /* loading for inspect */ LIMIT $2[0m  [["ranking_id", 1], ["LIMIT", 11]]
  ↳ app/controllers/api/v1/rankings_controller.rb:15:in `p'
  [1m[36mRecord Load (0.5ms)[0m  [1m[34mSELECT "records".* FROM "records" WHERE "records"."ranking_id" = $1[0m  [["ranking_id", 1]]
  ↳ app/controllers/api/v1/rankings_controller.rb:17:in `index'
Completed 200 OK in 101ms (Views: 1.9ms | ActiveRecord: 13.6ms | Allocations: 8887)


Started GET "/api/v1/ranking/current" for ::1 at 2023-05-17 23:18:41 -0500
Processing by Api::V1::RankingsController#index as */*
  [1m[36mRanking Load (0.8ms)[0m  [1m[34mSELECT "rankings".* FROM "rankings" WHERE "rankings"."start_date" = $1 ORDER BY "rankings"."id" ASC LIMIT $2[0m  [["start_date", "2023-05-17"], ["LIMIT", 1]]
  ↳ app/controllers/api/v1/rankings_controller.rb:13:in `index'
  [1m[36mRecord Load (1.2ms)[0m  [1m[34mSELECT "records".* FROM "records" WHERE "records"."ranking_id" = $1 /* loading for inspect */ LIMIT $2[0m  [["ranking_id", 1], ["LIMIT", 11]]
  ↳ app/controllers/api/v1/rankings_controller.rb:15:in `p'
  [1m[36mRecord Load (0.9ms)[0m  [1m[34mSELECT "records".* FROM "records" WHERE "records"."ranking_id" = $1[0m  [["ranking_id", 1]]
  ↳ app/controllers/api/v1/rankings_controller.rb:17:in `index'
Completed 200 OK in 101ms (Views: 2.1ms | ActiveRecord: 15.4ms | Allocations: 8949)


Started GET "/api/v1/ranking/current" for ::1 at 2023-05-17 23:19:23 -0500
Processing by Api::V1::RankingsController#index as */*
  [1m[36mRanking Load (0.3ms)[0m  [1m[34mSELECT "rankings".* FROM "rankings" WHERE "rankings"."start_date" = $1 ORDER BY "rankings"."id" ASC LIMIT $2[0m  [["start_date", "2023-05-17"], ["LIMIT", 1]]
  ↳ app/controllers/api/v1/rankings_controller.rb:13:in `index'
  [1m[36mRecord Load (1.7ms)[0m  [1m[34mSELECT "records".* FROM "records" WHERE "records"."ranking_id" = $1 /* loading for inspect */ LIMIT $2[0m  [["ranking_id", 1], ["LIMIT", 11]]
  ↳ app/controllers/api/v1/rankings_controller.rb:15:in `p'
  [1m[36mRecord Load (0.8ms)[0m  [1m[34mSELECT "records".* FROM "records" WHERE "records"."ranking_id" = $1[0m  [["ranking_id", 1]]
  ↳ app/controllers/api/v1/rankings_controller.rb:17:in `index'
Completed 200 OK in 105ms (Views: 0.4ms | ActiveRecord: 14.5ms | Allocations: 8982)


Started GET "/api/v1/ranking/current" for ::1 at 2023-05-17 23:21:01 -0500
Processing by Api::V1::RankingsController#index as */*
  [1m[36mRanking Load (1.9ms)[0m  [1m[34mSELECT "rankings".* FROM "rankings" WHERE "rankings"."start_date" = $1 ORDER BY "rankings"."id" ASC LIMIT $2[0m  [["start_date", "2023-05-17"], ["LIMIT", 1]]
  ↳ app/controllers/api/v1/rankings_controller.rb:13:in `index'
  [1m[36mRecord Load (7.4ms)[0m  [1m[34mSELECT "records".* FROM "records" WHERE "records"."ranking_id" = $1 /* loading for inspect */ LIMIT $2[0m  [["ranking_id", 1], ["LIMIT", 11]]
  ↳ app/controllers/api/v1/rankings_controller.rb:15:in `p'
  [1m[36mRecord Load (0.3ms)[0m  [1m[34mSELECT "records".* FROM "records" WHERE "records"."ranking_id" = $1[0m  [["ranking_id", 1]]
  ↳ app/controllers/api/v1/rankings_controller.rb:17:in `index'
Completed 200 OK in 115ms (Views: 0.5ms | ActiveRecord: 23.7ms | Allocations: 8983)


Started GET "/api/v1/ranking/current" for ::1 at 2023-05-17 23:24:18 -0500
Processing by Api::V1::RankingsController#index as */*
  [1m[36mRanking Load (1.6ms)[0m  [1m[34mSELECT "rankings".* FROM "rankings" WHERE "rankings"."start_date" = $1 ORDER BY "rankings"."id" ASC LIMIT $2[0m  [["start_date", "2023-05-17"], ["LIMIT", 1]]
  ↳ app/controllers/api/v1/rankings_controller.rb:13:in `index'
  [1m[36mRecord Load (0.5ms)[0m  [1m[34mSELECT "records".* FROM "records" WHERE "records"."ranking_id" = $1 /* loading for inspect */ LIMIT $2[0m  [["ranking_id", 1], ["LIMIT", 11]]
  ↳ app/controllers/api/v1/rankings_controller.rb:15:in `p'
  [1m[36mRecord Load (3.1ms)[0m  [1m[34mSELECT "records".* FROM "records" WHERE "records"."ranking_id" = $1[0m  [["ranking_id", 1]]
  ↳ app/controllers/api/v1/rankings_controller.rb:17:in `index'
Completed 200 OK in 53ms (Views: 1.5ms | ActiveRecord: 15.4ms | Allocations: 8848)


Started GET "/api/v1/ranking/current" for ::1 at 2023-05-17 23:26:43 -0500
Processing by Api::V1::RankingsController#index as */*
  [1m[36mRanking Load (0.2ms)[0m  [1m[34mSELECT "rankings".* FROM "rankings" WHERE "rankings"."start_date" = $1 ORDER BY "rankings"."id" ASC LIMIT $2[0m  [["start_date", "2023-05-17"], ["LIMIT", 1]]
  ↳ app/controllers/api/v1/rankings_controller.rb:13:in `index'
  [1m[36mRecord Load (0.3ms)[0m  [1m[34mSELECT "records".* FROM "records" WHERE "records"."ranking_id" = $1 /* loading for inspect */ LIMIT $2[0m  [["ranking_id", 1], ["LIMIT", 11]]
  ↳ app/controllers/api/v1/rankings_controller.rb:15:in `p'
  [1m[36mRecord Load (1.6ms)[0m  [1m[34mSELECT "records".* FROM "records" WHERE "records"."ranking_id" = $1[0m  [["ranking_id", 1]]
  ↳ app/controllers/api/v1/rankings_controller.rb:17:in `index'
Completed 500 Internal Server Error in 53ms (ActiveRecord: 8.4ms | Allocations: 11024)


  
NameError (undefined local variable or method `record_two' for #<Api::V1::RankingsController:0x000000000a6720>

          unless array.include?(record_two[:user_id])
                                ^^^^^^^^^^
Did you mean?  record):
  
app/controllers/api/v1/rankings_controller.rb:27:in `block in index'
app/controllers/api/v1/rankings_controller.rb:17:in `index'
Started GET "/api/v1/ranking/current" for ::1 at 2023-05-17 23:27:10 -0500
Processing by Api::V1::RankingsController#index as */*
  [1m[36mRanking Load (0.3ms)[0m  [1m[34mSELECT "rankings".* FROM "rankings" WHERE "rankings"."start_date" = $1 ORDER BY "rankings"."id" ASC LIMIT $2[0m  [["start_date", "2023-05-17"], ["LIMIT", 1]]
  ↳ app/controllers/api/v1/rankings_controller.rb:13:in `index'
  [1m[36mRecord Load (0.8ms)[0m  [1m[34mSELECT "records".* FROM "records" WHERE "records"."ranking_id" = $1 /* loading for inspect */ LIMIT $2[0m  [["ranking_id", 1], ["LIMIT", 11]]
  ↳ app/controllers/api/v1/rankings_controller.rb:15:in `p'
  [1m[36mRecord Load (0.5ms)[0m  [1m[34mSELECT "records".* FROM "records" WHERE "records"."ranking_id" = $1[0m  [["ranking_id", 1]]
  ↳ app/controllers/api/v1/rankings_controller.rb:17:in `index'
Completed 500 Internal Server Error in 62ms (ActiveRecord: 11.3ms | Allocations: 11134)


  
NameError (undefined local variable or method `record_two' for #<Api::V1::RankingsController:0x000000000aa370>

            array.push(record_two[:user_id])
                       ^^^^^^^^^^
Did you mean?  record):
  
app/controllers/api/v1/rankings_controller.rb:32:in `block in index'
app/controllers/api/v1/rankings_controller.rb:17:in `index'
Started GET "/api/v1/ranking/current" for ::1 at 2023-05-17 23:27:46 -0500
Processing by Api::V1::RankingsController#index as */*
  [1m[36mRanking Load (0.3ms)[0m  [1m[34mSELECT "rankings".* FROM "rankings" WHERE "rankings"."start_date" = $1 ORDER BY "rankings"."id" ASC LIMIT $2[0m  [["start_date", "2023-05-17"], ["LIMIT", 1]]
  ↳ app/controllers/api/v1/rankings_controller.rb:13:in `index'
  [1m[36mRecord Load (2.5ms)[0m  [1m[34mSELECT "records".* FROM "records" WHERE "records"."ranking_id" = $1 /* loading for inspect */ LIMIT $2[0m  [["ranking_id", 1], ["LIMIT", 11]]
  ↳ app/controllers/api/v1/rankings_controller.rb:15:in `p'
  [1m[36mRecord Load (0.3ms)[0m  [1m[34mSELECT "records".* FROM "records" WHERE "records"."ranking_id" = $1[0m  [["ranking_id", 1]]
  ↳ app/controllers/api/v1/rankings_controller.rb:17:in `index'
Completed 200 OK in 62ms (Views: 0.5ms | ActiveRecord: 11.9ms | Allocations: 9064)


Started GET "/api/v1/ranking/current" for ::1 at 2023-05-17 23:30:21 -0500
Processing by Api::V1::RankingsController#index as */*
  [1m[36mRanking Load (0.2ms)[0m  [1m[34mSELECT "rankings".* FROM "rankings" WHERE "rankings"."start_date" = $1 ORDER BY "rankings"."id" ASC LIMIT $2[0m  [["start_date", "2023-05-17"], ["LIMIT", 1]]
  ↳ app/controllers/api/v1/rankings_controller.rb:13:in `index'
  [1m[36mRecord Load (0.2ms)[0m  [1m[34mSELECT "records".* FROM "records" WHERE "records"."ranking_id" = $1 /* loading for inspect */ LIMIT $2[0m  [["ranking_id", 1], ["LIMIT", 11]]
  ↳ app/controllers/api/v1/rankings_controller.rb:15:in `p'
  [1m[36mRecord Load (0.2ms)[0m  [1m[34mSELECT "records".* FROM "records" WHERE "records"."ranking_id" = $1[0m  [["ranking_id", 1]]
  ↳ app/controllers/api/v1/rankings_controller.rb:17:in `index'
Completed 200 OK in 54ms (Views: 0.2ms | ActiveRecord: 6.9ms | Allocations: 8849)


Started GET "/api/v1/ranking/current" for ::1 at 2023-05-17 23:31:29 -0500
Processing by Api::V1::RankingsController#index as */*
  [1m[36mRanking Load (0.2ms)[0m  [1m[34mSELECT "rankings".* FROM "rankings" WHERE "rankings"."start_date" = $1 ORDER BY "rankings"."id" ASC LIMIT $2[0m  [["start_date", "2023-05-17"], ["LIMIT", 1]]
  ↳ app/controllers/api/v1/rankings_controller.rb:13:in `index'
  [1m[36mRecord Load (0.3ms)[0m  [1m[34mSELECT "records".* FROM "records" WHERE "records"."ranking_id" = $1 /* loading for inspect */ LIMIT $2[0m  [["ranking_id", 1], ["LIMIT", 11]]
  ↳ app/controllers/api/v1/rankings_controller.rb:15:in `p'
  [1m[36mRecord Load (1.6ms)[0m  [1m[34mSELECT "records".* FROM "records" WHERE "records"."ranking_id" = $1[0m  [["ranking_id", 1]]
  ↳ app/controllers/api/v1/rankings_controller.rb:18:in `index'
Completed 200 OK in 45ms (Views: 0.3ms | ActiveRecord: 7.8ms | Allocations: 8943)


Started GET "/api/v1/ranking/current" for ::1 at 2023-05-17 23:39:19 -0500
Processing by Api::V1::RankingsController#index as */*
  [1m[36mRanking Load (0.7ms)[0m  [1m[34mSELECT "rankings".* FROM "rankings" WHERE "rankings"."start_date" = $1 ORDER BY "rankings"."id" ASC LIMIT $2[0m  [["start_date", "2023-05-17"], ["LIMIT", 1]]
  ↳ app/controllers/api/v1/rankings_controller.rb:13:in `index'
  [1m[36mRecord Load (0.6ms)[0m  [1m[34mSELECT "records".* FROM "records" WHERE "records"."ranking_id" = $1 /* loading for inspect */ LIMIT $2[0m  [["ranking_id", 1], ["LIMIT", 11]]
  ↳ app/controllers/api/v1/rankings_controller.rb:15:in `p'
  [1m[36mRecord Load (0.3ms)[0m  [1m[34mSELECT "records".* FROM "records" WHERE "records"."ranking_id" = $1[0m  [["ranking_id", 1]]
  ↳ app/controllers/api/v1/rankings_controller.rb:18:in `index'
Completed 200 OK in 89ms (Views: 0.4ms | ActiveRecord: 16.8ms | Allocations: 11587)


  [1m[36mTRANSACTION (0.9ms)[0m  [1m[35mBEGIN[0m
  [1m[36mUser Create (24.1ms)[0m  [1m[32mINSERT INTO "users" ("name", "email", "uuid", "token", "created_at", "updated_at") VALUES ($1, $2, $3, $4, $5, $6) RETURNING "id"[0m  [["name", "pepe"], ["email", "pepe@email.com"], ["uuid", nil], ["token", "[FILTERED]"], ["created_at", "2023-05-18 04:40:31.368350"], ["updated_at", "2023-05-18 04:40:31.368350"]]
  [1m[36mTRANSACTION (2.3ms)[0m  [1m[35mCOMMIT[0m
  [1m[36mTRANSACTION (0.3ms)[0m  [1m[35mBEGIN[0m
  [1m[36mUser Load (0.7ms)[0m  [1m[34mSELECT "users".* FROM "users" WHERE "users"."id" = $1 LIMIT $2[0m  [["id", 2], ["LIMIT", 1]]
  [1m[36mRanking Load (0.3ms)[0m  [1m[34mSELECT "rankings".* FROM "rankings" WHERE "rankings"."id" = $1 LIMIT $2[0m  [["id", 1], ["LIMIT", 1]]
  [1m[36mRecord Create (2.4ms)[0m  [1m[32mINSERT INTO "records" ("user_id", "ranking_id", "km_traveled", "created_at", "updated_at") VALUES ($1, $2, $3, $4, $5) RETURNING "id"[0m  [["user_id", 2], ["ranking_id", 1], ["km_traveled", "10.0"], ["created_at", "2023-05-18 04:41:29.106761"], ["updated_at", "2023-05-18 04:41:29.106761"]]
  [1m[36mTRANSACTION (1.6ms)[0m  [1m[35mCOMMIT[0m
  [1m[36mTRANSACTION (0.2ms)[0m  [1m[35mBEGIN[0m
  [1m[36mUser Load (0.7ms)[0m  [1m[34mSELECT "users".* FROM "users" WHERE "users"."id" = $1 LIMIT $2[0m  [["id", 1], ["LIMIT", 1]]
  [1m[36mRanking Load (0.2ms)[0m  [1m[34mSELECT "rankings".* FROM "rankings" WHERE "rankings"."id" = $1 LIMIT $2[0m  [["id", 1], ["LIMIT", 1]]
  [1m[36mRecord Create (0.4ms)[0m  [1m[32mINSERT INTO "records" ("user_id", "ranking_id", "km_traveled", "created_at", "updated_at") VALUES ($1, $2, $3, $4, $5) RETURNING "id"[0m  [["user_id", 1], ["ranking_id", 1], ["km_traveled", "52.0"], ["created_at", "2023-05-18 04:41:47.295131"], ["updated_at", "2023-05-18 04:41:47.295131"]]
  [1m[36mTRANSACTION (1.9ms)[0m  [1m[35mCOMMIT[0m
Started GET "/api/v1/ranking/current" for ::1 at 2023-05-17 23:41:55 -0500
Processing by Api::V1::RankingsController#index as */*
  [1m[36mRanking Load (1.4ms)[0m  [1m[34mSELECT "rankings".* FROM "rankings" WHERE "rankings"."start_date" = $1 ORDER BY "rankings"."id" ASC LIMIT $2[0m  [["start_date", "2023-05-17"], ["LIMIT", 1]]
  ↳ app/controllers/api/v1/rankings_controller.rb:13:in `index'
  [1m[36mRecord Load (1.0ms)[0m  [1m[34mSELECT "records".* FROM "records" WHERE "records"."ranking_id" = $1 /* loading for inspect */ LIMIT $2[0m  [["ranking_id", 1], ["LIMIT", 11]]
  ↳ app/controllers/api/v1/rankings_controller.rb:15:in `p'
  [1m[36mRecord Load (8.9ms)[0m  [1m[34mSELECT "records".* FROM "records" WHERE "records"."ranking_id" = $1[0m  [["ranking_id", 1]]
  ↳ app/controllers/api/v1/rankings_controller.rb:18:in `index'
Completed 200 OK in 35ms (Views: 0.4ms | ActiveRecord: 11.3ms | Allocations: 2900)


  [1m[36mRecord Load (0.4ms)[0m  [1m[34mSELECT "records".* FROM "records"[0m
  [1m[36mTRANSACTION (0.2ms)[0m  [1m[35mBEGIN[0m
  [1m[36mUser Load (0.6ms)[0m  [1m[34mSELECT "users".* FROM "users" WHERE "users"."id" = $1 LIMIT $2[0m  [["id", 2], ["LIMIT", 1]]
  [1m[36mRanking Load (0.3ms)[0m  [1m[34mSELECT "rankings".* FROM "rankings" WHERE "rankings"."id" = $1 LIMIT $2[0m  [["id", 1], ["LIMIT", 1]]
  [1m[36mRecord Create (2.4ms)[0m  [1m[32mINSERT INTO "records" ("user_id", "ranking_id", "km_traveled", "created_at", "updated_at") VALUES ($1, $2, $3, $4, $5) RETURNING "id"[0m  [["user_id", 2], ["ranking_id", 1], ["km_traveled", "5.0"], ["created_at", "2023-05-18 04:44:05.043109"], ["updated_at", "2023-05-18 04:44:05.043109"]]
  [1m[36mTRANSACTION (2.0ms)[0m  [1m[35mCOMMIT[0m
  [1m[36mTRANSACTION (0.2ms)[0m  [1m[35mBEGIN[0m
  [1m[36mUser Load (2.5ms)[0m  [1m[34mSELECT "users".* FROM "users" WHERE "users"."id" = $1 LIMIT $2[0m  [["id", 2], ["LIMIT", 1]]
  [1m[36mRanking Load (0.2ms)[0m  [1m[34mSELECT "rankings".* FROM "rankings" WHERE "rankings"."id" = $1 LIMIT $2[0m  [["id", 1], ["LIMIT", 1]]
  [1m[36mRecord Create (2.4ms)[0m  [1m[32mINSERT INTO "records" ("user_id", "ranking_id", "km_traveled", "created_at", "updated_at") VALUES ($1, $2, $3, $4, $5) RETURNING "id"[0m  [["user_id", 2], ["ranking_id", 1], ["km_traveled", "89.0"], ["created_at", "2023-05-18 04:44:12.692572"], ["updated_at", "2023-05-18 04:44:12.692572"]]
  [1m[36mTRANSACTION (1.4ms)[0m  [1m[35mCOMMIT[0m
Started GET "/api/v1/ranking/current" for ::1 at 2023-05-17 23:44:19 -0500
Processing by Api::V1::RankingsController#index as */*
  [1m[36mRanking Load (0.5ms)[0m  [1m[34mSELECT "rankings".* FROM "rankings" WHERE "rankings"."start_date" = $1 ORDER BY "rankings"."id" ASC LIMIT $2[0m  [["start_date", "2023-05-17"], ["LIMIT", 1]]
  ↳ app/controllers/api/v1/rankings_controller.rb:13:in `index'
  [1m[36mRecord Load (0.7ms)[0m  [1m[34mSELECT "records".* FROM "records" WHERE "records"."ranking_id" = $1 /* loading for inspect */ LIMIT $2[0m  [["ranking_id", 1], ["LIMIT", 11]]
  ↳ app/controllers/api/v1/rankings_controller.rb:15:in `p'
  [1m[36mRecord Load (0.4ms)[0m  [1m[34mSELECT "records".* FROM "records" WHERE "records"."ranking_id" = $1[0m  [["ranking_id", 1]]
  ↳ app/controllers/api/v1/rankings_controller.rb:18:in `index'
Completed 200 OK in 23ms (Views: 0.3ms | ActiveRecord: 1.7ms | Allocations: 3270)


Started GET "/api/v1/ranking/current" for ::1 at 2023-05-17 23:50:28 -0500
Processing by Api::V1::RankingsController#index as */*
  [1m[36mRanking Load (3.2ms)[0m  [1m[34mSELECT "rankings".* FROM "rankings" WHERE "rankings"."start_date" = $1 ORDER BY "rankings"."id" ASC LIMIT $2[0m  [["start_date", "2023-05-17"], ["LIMIT", 1]]
  ↳ app/controllers/api/v1/rankings_controller.rb:13:in `index'
  [1m[36mRecord Load (0.9ms)[0m  [1m[34mSELECT "records".* FROM "records" WHERE "records"."ranking_id" = $1 /* loading for inspect */ LIMIT $2[0m  [["ranking_id", 1], ["LIMIT", 11]]
  ↳ app/controllers/api/v1/rankings_controller.rb:15:in `p'
  [1m[36mRecord Load (9.0ms)[0m  [1m[34mSELECT "records".* FROM "records" WHERE "records"."ranking_id" = $1[0m  [["ranking_id", 1]]
  ↳ app/controllers/api/v1/rankings_controller.rb:19:in `index'
Completed 500 Internal Server Error in 122ms (ActiveRecord: 30.1ms | Allocations: 14007)


  
NameError (undefined local variable or method `ecord_two' for #<Api::V1::RankingsController:0x000000000bd308>

              data.push({user_id: ecord_two[:user_id], km_traveled: value_km})
                                  ^^^^^^^^^
Did you mean?  record_two):
  
app/controllers/api/v1/rankings_controller.rb:35:in `block (2 levels) in index'
app/controllers/api/v1/rankings_controller.rb:28:in `block in index'
app/controllers/api/v1/rankings_controller.rb:19:in `index'
Started GET "/api/v1/ranking/current" for ::1 at 2023-05-17 23:50:40 -0500
Processing by Api::V1::RankingsController#index as */*
  [1m[36mRanking Load (0.3ms)[0m  [1m[34mSELECT "rankings".* FROM "rankings" WHERE "rankings"."start_date" = $1 ORDER BY "rankings"."id" ASC LIMIT $2[0m  [["start_date", "2023-05-17"], ["LIMIT", 1]]
  ↳ app/controllers/api/v1/rankings_controller.rb:13:in `index'
  [1m[36mRecord Load (0.3ms)[0m  [1m[34mSELECT "records".* FROM "records" WHERE "records"."ranking_id" = $1 /* loading for inspect */ LIMIT $2[0m  [["ranking_id", 1], ["LIMIT", 11]]
  ↳ app/controllers/api/v1/rankings_controller.rb:15:in `p'
  [1m[36mRecord Load (0.3ms)[0m  [1m[34mSELECT "records".* FROM "records" WHERE "records"."ranking_id" = $1[0m  [["ranking_id", 1]]
  ↳ app/controllers/api/v1/rankings_controller.rb:19:in `index'
Completed 200 OK in 50ms (Views: 0.3ms | ActiveRecord: 14.9ms | Allocations: 10022)


Started GET "/api/v1/ranking/current" for ::1 at 2023-05-17 23:54:48 -0500
Processing by Api::V1::RankingsController#index as */*
  [1m[36mRanking Load (0.3ms)[0m  [1m[34mSELECT "rankings".* FROM "rankings" WHERE "rankings"."start_date" = $1 ORDER BY "rankings"."id" ASC LIMIT $2[0m  [["start_date", "2023-05-17"], ["LIMIT", 1]]
  ↳ app/controllers/api/v1/rankings_controller.rb:13:in `index'
  [1m[36mRecord Load (0.8ms)[0m  [1m[34mSELECT "records".* FROM "records" WHERE "records"."ranking_id" = $1 /* loading for inspect */ LIMIT $2[0m  [["ranking_id", 1], ["LIMIT", 11]]
  ↳ app/controllers/api/v1/rankings_controller.rb:15:in `p'
  [1m[36mRecord Load (0.4ms)[0m  [1m[34mSELECT "records".* FROM "records" WHERE "records"."ranking_id" = $1[0m  [["ranking_id", 1]]
  ↳ app/controllers/api/v1/rankings_controller.rb:19:in `index'
Completed 200 OK in 67ms (Views: 0.5ms | ActiveRecord: 13.5ms | Allocations: 9839)


Started GET "/api/v1/ranking/current" for ::1 at 2023-05-17 23:55:21 -0500
Processing by Api::V1::RankingsController#index as */*
  [1m[36mRanking Load (0.5ms)[0m  [1m[34mSELECT "rankings".* FROM "rankings" WHERE "rankings"."start_date" = $1 ORDER BY "rankings"."id" ASC LIMIT $2[0m  [["start_date", "2023-05-17"], ["LIMIT", 1]]
  ↳ app/controllers/api/v1/rankings_controller.rb:13:in `index'
  [1m[36mRecord Load (1.0ms)[0m  [1m[34mSELECT "records".* FROM "records" WHERE "records"."ranking_id" = $1 /* loading for inspect */ LIMIT $2[0m  [["ranking_id", 1], ["LIMIT", 11]]
  ↳ app/controllers/api/v1/rankings_controller.rb:15:in `p'
  [1m[36mRecord Load (2.2ms)[0m  [1m[34mSELECT "records".* FROM "records" WHERE "records"."ranking_id" = $1[0m  [["ranking_id", 1]]
  ↳ app/controllers/api/v1/rankings_controller.rb:19:in `index'
Completed 200 OK in 66ms (Views: 0.3ms | ActiveRecord: 12.0ms | Allocations: 9860)


  [1m[36mRecord Load (0.9ms)[0m  [1m[34mSELECT "records".* FROM "records"[0m
  [1m[36mUser Load (0.4ms)[0m  [1m[34mSELECT "users".* FROM "users" ORDER BY "users"."id" ASC LIMIT $1[0m  [["LIMIT", 1]]
  [1m[36mRecord Load (0.4ms)[0m  [1m[34mSELECT "records".* FROM "records" WHERE "records"."user_id" = $1[0m  [["user_id", 1]]
  [1m[36mUser Load (6.2ms)[0m  [1m[34mSELECT "users".* FROM "users" ORDER BY "users"."id" DESC LIMIT $1[0m  [["LIMIT", 1]]
  [1m[36mRecord Load (0.8ms)[0m  [1m[34mSELECT "records".* FROM "records" WHERE "records"."user_id" = $1[0m  [["user_id", 2]]
Started GET "/api/v1/ranking/current" for ::1 at 2023-05-17 23:59:13 -0500
Processing by Api::V1::RankingsController#index as */*
  [1m[36mRanking Load (0.2ms)[0m  [1m[34mSELECT "rankings".* FROM "rankings" WHERE "rankings"."start_date" = $1 ORDER BY "rankings"."id" ASC LIMIT $2[0m  [["start_date", "2023-05-17"], ["LIMIT", 1]]
  ↳ app/controllers/api/v1/rankings_controller.rb:13:in `index'
  [1m[36mRecord Load (0.9ms)[0m  [1m[34mSELECT "records".* FROM "records" WHERE "records"."ranking_id" = $1 /* loading for inspect */ LIMIT $2[0m  [["ranking_id", 1], ["LIMIT", 11]]
  ↳ app/controllers/api/v1/rankings_controller.rb:15:in `p'
  [1m[36mRecord Load (0.3ms)[0m  [1m[34mSELECT "records".* FROM "records" WHERE "records"."ranking_id" = $1[0m  [["ranking_id", 1]]
  ↳ app/controllers/api/v1/rankings_controller.rb:19:in `index'
Completed 200 OK in 52ms (Views: 0.3ms | ActiveRecord: 11.8ms | Allocations: 9883)


